INFO:root:File download successful
INFO:root:Creating folder
INFO:root:Bhavdata file copied from the dowloads folder
INFO:root:Create record 0 :Symbol-20MICRONS, Date-2020-10-19, Series-EQ
INFO:root:Create record 1 :Symbol-21STCENMGM, Date-2020-10-19, Series-EQ
INFO:root:Create record 2 :Symbol-3IINFOTECH, Date-2020-10-19, Series-EQ
INFO:root:Create record 3 :Symbol-3MINDIA, Date-2020-10-19, Series-EQ
INFO:root:Create record 4 :Symbol-3PLAND, Date-2020-10-19, Series-EQ
INFO:root:Create record 5 :Symbol-5PAISA, Date-2020-10-19, Series-BE
INFO:root:Create record 6 :Symbol-63MOONS, Date-2020-10-19, Series-EQ
INFO:root:Create record 7 :Symbol-716GS2050, Date-2020-10-19, Series-GS
INFO:root:Create record 8 :Symbol-719GS2060, Date-2020-10-19, Series-GS
INFO:root:Create record 9 :Symbol-74GS2035, Date-2020-10-19, Series-GS
INFO:root:Create record 10 :Symbol-8KMILES, Date-2020-10-19, Series-BE
INFO:root:Create record 11 :Symbol-A2ZINFRA, Date-2020-10-19, Series-EQ
INFO:root:Create record 12 :Symbol-AAATECH, Date-2020-10-19, Series-ST
INFO:root:Create record 13 :Symbol-AAKASH, Date-2020-10-19, Series-EQ
INFO:root:Create record 14 :Symbol-AARON, Date-2020-10-19, Series-SM
INFO:root:Create record 15 :Symbol-AARTIDRUGS, Date-2020-10-19, Series-EQ
INFO:root:Create record 16 :Symbol-AARTIIND, Date-2020-10-19, Series-EQ
INFO:root:Create record 17 :Symbol-AARTISURF, Date-2020-10-19, Series-BE
INFO:root:Create record 18 :Symbol-AARVEEDEN, Date-2020-10-19, Series-EQ
INFO:root:Create record 19 :Symbol-AARVI, Date-2020-10-19, Series-EQ
INFO:root:Create record 20 :Symbol-AAVAS, Date-2020-10-19, Series-EQ
INFO:root:Create record 21 :Symbol-ABAN, Date-2020-10-19, Series-EQ
INFO:root:Create record 22 :Symbol-ABB, Date-2020-10-19, Series-EQ
INFO:root:Create record 23 :Symbol-ABBOTINDIA, Date-2020-10-19, Series-EQ
INFO:root:Create record 24 :Symbol-ABCAPITAL, Date-2020-10-19, Series-EQ
INFO:root:Create record 25 :Symbol-ABFRL, Date-2020-10-19, Series-EQ
INFO:root:Create record 26 :Symbol-ABFRLPP, Date-2020-10-19, Series-E1
INFO:root:Create record 27 :Symbol-ABMINTLTD, Date-2020-10-19, Series-BE
INFO:root:Create record 28 :Symbol-ABSLBANETF, Date-2020-10-19, Series-EQ
INFO:root:Create record 29 :Symbol-ABSLNN50ET, Date-2020-10-19, Series-EQ
INFO:root:Create record 30 :Symbol-ABSLRIF6RG, Date-2020-10-19, Series-MF
INFO:root:Create record 31 :Symbol-ACC, Date-2020-10-19, Series-EQ
INFO:root:Create record 32 :Symbol-ACCELYA, Date-2020-10-19, Series-EQ
INFO:root:Create record 33 :Symbol-ACE, Date-2020-10-19, Series-EQ
INFO:root:Create record 34 :Symbol-ADANIENT, Date-2020-10-19, Series-EQ
INFO:root:Create record 35 :Symbol-ADANIGAS, Date-2020-10-19, Series-EQ
INFO:root:Create record 36 :Symbol-ADANIGREEN, Date-2020-10-19, Series-EQ
INFO:root:Create record 37 :Symbol-ADANIPORTS, Date-2020-10-19, Series-EQ
INFO:root:Create record 38 :Symbol-ADANIPOWER, Date-2020-10-19, Series-EQ
INFO:root:Create record 39 :Symbol-ADANITRANS, Date-2020-10-19, Series-EQ
INFO:root:Create record 40 :Symbol-ADFFOODS, Date-2020-10-19, Series-EQ
INFO:root:Create record 41 :Symbol-ADHUNIKIND, Date-2020-10-19, Series-EQ
INFO:root:Create record 42 :Symbol-ADL, Date-2020-10-19, Series-BE
INFO:root:Create record 43 :Symbol-ADORWELD, Date-2020-10-19, Series-EQ
INFO:root:Create record 44 :Symbol-ADROITINFO, Date-2020-10-19, Series-EQ
INFO:root:Create record 45 :Symbol-ADSL, Date-2020-10-19, Series-EQ
INFO:root:Create record 46 :Symbol-ADVANIHOTR, Date-2020-10-19, Series-EQ
INFO:root:Create record 47 :Symbol-ADVENZYMES, Date-2020-10-19, Series-EQ
INFO:root:Create record 48 :Symbol-AEGISCHEM, Date-2020-10-19, Series-EQ
INFO:root:Create record 49 :Symbol-AFFLE, Date-2020-10-19, Series-EQ
INFO:root:Create record 50 :Symbol-AGARIND, Date-2020-10-19, Series-EQ
INFO:root:Create record 51 :Symbol-AGCNET, Date-2020-10-19, Series-EQ
INFO:root:Create record 52 :Symbol-AGRITECH, Date-2020-10-19, Series-EQ
INFO:root:Create record 53 :Symbol-AGROPHOS, Date-2020-10-19, Series-EQ
INFO:root:Create record 54 :Symbol-AHLEAST, Date-2020-10-19, Series-EQ
INFO:root:Create record 55 :Symbol-AHLUCONT, Date-2020-10-19, Series-EQ
INFO:root:Create record 56 :Symbol-AHLWEST, Date-2020-10-19, Series-EQ
INFO:root:Create record 57 :Symbol-AIAENG, Date-2020-10-19, Series-EQ
INFO:root:Create record 58 :Symbol-AIRAN, Date-2020-10-19, Series-EQ
INFO:root:Create record 59 :Symbol-AJANTPHARM, Date-2020-10-19, Series-EQ
INFO:root:Create record 60 :Symbol-AJMERA, Date-2020-10-19, Series-EQ
INFO:root:Create record 61 :Symbol-AKASH, Date-2020-10-19, Series-BE
INFO:root:Create record 62 :Symbol-AKG, Date-2020-10-19, Series-SM
INFO:root:Create record 63 :Symbol-AKSHARCHEM, Date-2020-10-19, Series-EQ
INFO:root:Create record 64 :Symbol-AKSHOPTFBR, Date-2020-10-19, Series-EQ
INFO:root:Create record 65 :Symbol-AKZOINDIA, Date-2020-10-19, Series-EQ
INFO:root:Create record 66 :Symbol-ALANKIT, Date-2020-10-19, Series-EQ
INFO:root:Create record 67 :Symbol-ALBERTDAVD, Date-2020-10-19, Series-EQ
INFO:root:Create record 68 :Symbol-ALCHEM, Date-2020-10-19, Series-EQ
INFO:root:Create record 69 :Symbol-ALEMBICLTD, Date-2020-10-19, Series-EQ
INFO:root:Create record 70 :Symbol-ALICON, Date-2020-10-19, Series-EQ
INFO:root:Create record 71 :Symbol-ALKALI, Date-2020-10-19, Series-EQ
INFO:root:Create record 72 :Symbol-ALKEM, Date-2020-10-19, Series-EQ
INFO:root:Create record 73 :Symbol-ALKYLAMINE, Date-2020-10-19, Series-EQ
INFO:root:Create record 74 :Symbol-ALLCARGO, Date-2020-10-19, Series-EQ
INFO:root:Create record 75 :Symbol-ALLSEC, Date-2020-10-19, Series-EQ
INFO:root:Create record 76 :Symbol-ALMONDZ, Date-2020-10-19, Series-EQ
INFO:root:Create record 77 :Symbol-ALOKINDS, Date-2020-10-19, Series-EQ
INFO:root:Create record 78 :Symbol-ALPA, Date-2020-10-19, Series-EQ
INFO:root:Create record 79 :Symbol-ALPHAGEO, Date-2020-10-19, Series-EQ
INFO:root:Create record 80 :Symbol-AMARAJABAT, Date-2020-10-19, Series-EQ
INFO:root:Create record 81 :Symbol-AMBER, Date-2020-10-19, Series-EQ
INFO:root:Create record 82 :Symbol-AMBIKCO, Date-2020-10-19, Series-EQ
INFO:root:Create record 83 :Symbol-AMBUJACEM, Date-2020-10-19, Series-EQ
INFO:root:Create record 84 :Symbol-AMDIND, Date-2020-10-19, Series-EQ
INFO:root:Create record 85 :Symbol-AMJLAND, Date-2020-10-19, Series-EQ
INFO:root:Create record 86 :Symbol-AMJUMBO, Date-2020-10-19, Series-SM
INFO:root:Create record 87 :Symbol-AMRUTANJAN, Date-2020-10-19, Series-EQ
INFO:root:Create record 88 :Symbol-ANANTRAJ, Date-2020-10-19, Series-BE
INFO:root:Create record 89 :Symbol-ANDHRACEMT, Date-2020-10-19, Series-EQ
INFO:root:Create record 90 :Symbol-ANDHRAPAP, Date-2020-10-19, Series-EQ
INFO:root:Create record 91 :Symbol-ANDHRSUGAR, Date-2020-10-19, Series-EQ
INFO:root:Create record 92 :Symbol-ANGELBRKG, Date-2020-10-19, Series-EQ
INFO:root:Create record 93 :Symbol-ANIKINDS, Date-2020-10-19, Series-EQ
INFO:root:Create record 94 :Symbol-ANKITMETAL, Date-2020-10-19, Series-BE
INFO:root:Create record 95 :Symbol-ANSALAPI, Date-2020-10-19, Series-EQ
INFO:root:Create record 96 :Symbol-ANSALHSG, Date-2020-10-19, Series-EQ
INFO:root:Create record 97 :Symbol-ANUP, Date-2020-10-19, Series-EQ
INFO:root:Create record 98 :Symbol-APARINDS, Date-2020-10-19, Series-EQ
INFO:root:Create record 99 :Symbol-APCL, Date-2020-10-19, Series-EQ
INFO:root:Create record 100 :Symbol-APCOTEXIND, Date-2020-10-19, Series-EQ
INFO:root:Create record 101 :Symbol-APEX, Date-2020-10-19, Series-EQ
INFO:root:Create record 102 :Symbol-APLAPOLLO, Date-2020-10-19, Series-EQ
INFO:root:Create record 103 :Symbol-APLLTD, Date-2020-10-19, Series-EQ
INFO:root:Create record 104 :Symbol-APOLLO, Date-2020-10-19, Series-EQ
INFO:root:Create record 105 :Symbol-APOLLOHOSP, Date-2020-10-19, Series-EQ
INFO:root:Create record 106 :Symbol-APOLLOPIPE, Date-2020-10-19, Series-EQ
INFO:root:Create record 107 :Symbol-APOLLOTYRE, Date-2020-10-19, Series-EQ
INFO:root:Create record 108 :Symbol-APOLSINHOT, Date-2020-10-19, Series-EQ
INFO:root:Create record 109 :Symbol-APTECHT, Date-2020-10-19, Series-EQ
INFO:root:Create record 110 :Symbol-ARCHIDPLY, Date-2020-10-19, Series-EQ
INFO:root:Create record 111 :Symbol-ARCHIES, Date-2020-10-19, Series-EQ
INFO:root:Create record 112 :Symbol-ARCOTECH, Date-2020-10-19, Series-BE
INFO:root:Create record 113 :Symbol-ARENTERP, Date-2020-10-19, Series-EQ
INFO:root:Create record 114 :Symbol-ARIES, Date-2020-10-19, Series-EQ
INFO:root:Create record 115 :Symbol-ARIHANT, Date-2020-10-19, Series-EQ
INFO:root:Create record 116 :Symbol-ARIHANTSUP, Date-2020-10-19, Series-EQ
INFO:root:Create record 117 :Symbol-ARMANFIN, Date-2020-10-19, Series-EQ
INFO:root:Create record 118 :Symbol-AROGRANITE, Date-2020-10-19, Series-EQ
INFO:root:Create record 119 :Symbol-ARROWGREEN, Date-2020-10-19, Series-EQ
INFO:root:Create record 120 :Symbol-ARSHIYA, Date-2020-10-19, Series-BE
INFO:root:Create record 121 :Symbol-ARSSINFRA, Date-2020-10-19, Series-EQ
INFO:root:Create record 122 :Symbol-ARTEMISMED, Date-2020-10-19, Series-EQ
INFO:root:Create record 123 :Symbol-ARVIND, Date-2020-10-19, Series-EQ
INFO:root:Create record 124 :Symbol-ARVINDFASN, Date-2020-10-19, Series-EQ
INFO:root:Create record 125 :Symbol-ARVSMART, Date-2020-10-19, Series-EQ
INFO:root:Create record 126 :Symbol-ASAHIINDIA, Date-2020-10-19, Series-EQ
INFO:root:Create record 127 :Symbol-ASAHISONG, Date-2020-10-19, Series-EQ
INFO:root:Create record 128 :Symbol-ASAL, Date-2020-10-19, Series-EQ
INFO:root:Create record 129 :Symbol-ASALCBR, Date-2020-10-19, Series-EQ
INFO:root:Create record 130 :Symbol-ASHAPURMIN, Date-2020-10-19, Series-EQ
INFO:root:Create record 131 :Symbol-ASHIANA, Date-2020-10-19, Series-EQ
INFO:root:Create record 132 :Symbol-ASHIMASYN, Date-2020-10-19, Series-BE
INFO:root:Create record 133 :Symbol-ASHOKA, Date-2020-10-19, Series-EQ
INFO:root:Create record 134 :Symbol-ASHOKLEY, Date-2020-10-19, Series-EQ
INFO:root:Create record 135 :Symbol-ASIANHOTNR, Date-2020-10-19, Series-EQ
INFO:root:Create record 136 :Symbol-ASIANPAINT, Date-2020-10-19, Series-EQ
INFO:root:Create record 137 :Symbol-ASIANTILES, Date-2020-10-19, Series-EQ
INFO:root:Create record 138 :Symbol-ASLIND, Date-2020-10-19, Series-SM
INFO:root:Create record 139 :Symbol-ASPINWALL, Date-2020-10-19, Series-EQ
INFO:root:Create record 140 :Symbol-ASTEC, Date-2020-10-19, Series-EQ
INFO:root:Create record 141 :Symbol-ASTERDM, Date-2020-10-19, Series-EQ
INFO:root:Create record 142 :Symbol-ASTRAL, Date-2020-10-19, Series-EQ
INFO:root:Create record 143 :Symbol-ASTRAMICRO, Date-2020-10-19, Series-EQ
INFO:root:Create record 144 :Symbol-ASTRAZEN, Date-2020-10-19, Series-EQ
INFO:root:Create record 145 :Symbol-ASTRON, Date-2020-10-19, Series-EQ
INFO:root:Create record 146 :Symbol-ATALREAL, Date-2020-10-19, Series-ST
INFO:root:Create record 147 :Symbol-ATFL, Date-2020-10-19, Series-EQ
INFO:root:Create record 148 :Symbol-ATLANTA, Date-2020-10-19, Series-EQ
INFO:root:Create record 149 :Symbol-ATLASCYCLE, Date-2020-10-19, Series-BE
INFO:root:Create record 150 :Symbol-ATUL, Date-2020-10-19, Series-EQ
INFO:root:Create record 151 :Symbol-ATULAUTO, Date-2020-10-19, Series-EQ
INFO:root:Create record 152 :Symbol-AUBANK, Date-2020-10-19, Series-EQ
INFO:root:Create record 153 :Symbol-AURDIS, Date-2020-10-19, Series-SM
INFO:root:Create record 154 :Symbol-AURIONPRO, Date-2020-10-19, Series-EQ
INFO:root:Create record 155 :Symbol-AUROPHARMA, Date-2020-10-19, Series-EQ
INFO:root:Create record 156 :Symbol-AUSOMENT, Date-2020-10-19, Series-EQ
INFO:root:Create record 157 :Symbol-AUTOAXLES, Date-2020-10-19, Series-EQ
INFO:root:Create record 158 :Symbol-AUTOIND, Date-2020-10-19, Series-EQ
INFO:root:Create record 159 :Symbol-AUTOLITIND, Date-2020-10-19, Series-EQ
INFO:root:Create record 160 :Symbol-AVADHSUGAR, Date-2020-10-19, Series-EQ
INFO:root:Create record 161 :Symbol-AVANTIFEED, Date-2020-10-19, Series-EQ
INFO:root:Create record 162 :Symbol-AVG, Date-2020-10-19, Series-SM
INFO:root:Create record 163 :Symbol-AVTNPL, Date-2020-10-19, Series-EQ
INFO:root:Create record 164 :Symbol-AXISBANK, Date-2020-10-19, Series-EQ
INFO:root:Create record 165 :Symbol-AXISCADES, Date-2020-10-19, Series-EQ
INFO:root:Create record 166 :Symbol-AXISGOLD, Date-2020-10-19, Series-EQ
INFO:root:Create record 167 :Symbol-AXISNIFTY, Date-2020-10-19, Series-EQ
INFO:root:Create record 168 :Symbol-AYMSYNTEX, Date-2020-10-19, Series-EQ
INFO:root:Create record 169 :Symbol-BABAFOOD, Date-2020-10-19, Series-SM
INFO:root:Create record 170 :Symbol-BAFNAPH, Date-2020-10-19, Series-BE
INFO:root:Create record 171 :Symbol-BAGFILMS, Date-2020-10-19, Series-EQ
INFO:root:Create record 172 :Symbol-BAJAJ-AUTO, Date-2020-10-19, Series-EQ
INFO:root:Create record 173 :Symbol-BAJAJCON, Date-2020-10-19, Series-EQ
INFO:root:Create record 174 :Symbol-BAJAJELEC, Date-2020-10-19, Series-EQ
INFO:root:Create record 175 :Symbol-BAJAJFINSV, Date-2020-10-19, Series-EQ
INFO:root:Create record 176 :Symbol-BAJAJHIND, Date-2020-10-19, Series-EQ
INFO:root:Create record 177 :Symbol-BAJAJHLDNG, Date-2020-10-19, Series-EQ
INFO:root:Create record 178 :Symbol-BAJFINANCE, Date-2020-10-19, Series-EQ
INFO:root:Create record 179 :Symbol-BALAJITELE, Date-2020-10-19, Series-EQ
INFO:root:Create record 180 :Symbol-BALAMINES, Date-2020-10-19, Series-EQ
INFO:root:Create record 181 :Symbol-BALAXI, Date-2020-10-19, Series-BE
INFO:root:Create record 182 :Symbol-BALKRISHNA, Date-2020-10-19, Series-EQ
INFO:root:Create record 183 :Symbol-BALKRISIND, Date-2020-10-19, Series-EQ
INFO:root:Create record 184 :Symbol-BALLARPUR, Date-2020-10-19, Series-BE
INFO:root:Create record 185 :Symbol-BALMLAWRIE, Date-2020-10-19, Series-EQ
INFO:root:Create record 186 :Symbol-BALPHARMA, Date-2020-10-19, Series-EQ
INFO:root:Create record 187 :Symbol-BALRAMCHIN, Date-2020-10-19, Series-EQ
INFO:root:Create record 188 :Symbol-BANARBEADS, Date-2020-10-19, Series-EQ
INFO:root:Create record 189 :Symbol-BANARISUG, Date-2020-10-19, Series-EQ
INFO:root:Create record 190 :Symbol-BANCOINDIA, Date-2020-10-19, Series-EQ
INFO:root:Create record 191 :Symbol-BANDHANBNK, Date-2020-10-19, Series-EQ
INFO:root:Create record 192 :Symbol-BANG, Date-2020-10-19, Series-EQ
INFO:root:Create record 193 :Symbol-BANKA, Date-2020-10-19, Series-SM
INFO:root:Create record 194 :Symbol-BANKBARODA, Date-2020-10-19, Series-EQ
INFO:root:Create record 195 :Symbol-BANKBEES, Date-2020-10-19, Series-EQ
INFO:root:Create record 196 :Symbol-BANKINDIA, Date-2020-10-19, Series-EQ
INFO:root:Create record 197 :Symbol-BANSWRAS, Date-2020-10-19, Series-EQ
INFO:root:Create record 198 :Symbol-BARTRONICS, Date-2020-10-19, Series-BZ
INFO:root:Create record 199 :Symbol-BASF, Date-2020-10-19, Series-EQ
INFO:root:Create record 200 :Symbol-BASML, Date-2020-10-19, Series-EQ
INFO:root:Create record 201 :Symbol-BATAINDIA, Date-2020-10-19, Series-EQ
INFO:root:Create record 202 :Symbol-BAYERCROP, Date-2020-10-19, Series-EQ
INFO:root:Create record 203 :Symbol-BBL, Date-2020-10-19, Series-EQ
INFO:root:Create record 204 :Symbol-BBTC, Date-2020-10-19, Series-EQ
INFO:root:Create record 205 :Symbol-BCG, Date-2020-10-19, Series-EQ
INFO:root:Create record 206 :Symbol-BCP, Date-2020-10-19, Series-EQ
INFO:root:Create record 207 :Symbol-BDL, Date-2020-10-19, Series-EQ
INFO:root:Create record 208 :Symbol-BEARDSELL, Date-2020-10-19, Series-BE
INFO:root:Create record 209 :Symbol-BEDMUTHA, Date-2020-10-19, Series-BE
INFO:root:Create record 210 :Symbol-BEL, Date-2020-10-19, Series-EQ
INFO:root:Create record 211 :Symbol-BEML, Date-2020-10-19, Series-EQ
INFO:root:Create record 212 :Symbol-BEPL, Date-2020-10-19, Series-EQ
INFO:root:Create record 213 :Symbol-BERGEPAINT, Date-2020-10-19, Series-EQ
INFO:root:Create record 214 :Symbol-BETA, Date-2020-10-19, Series-SM
INFO:root:Create record 215 :Symbol-BFINVEST, Date-2020-10-19, Series-EQ
INFO:root:Create record 216 :Symbol-BFUTILITIE, Date-2020-10-19, Series-EQ
INFO:root:Create record 217 :Symbol-BGRENERGY, Date-2020-10-19, Series-EQ
INFO:root:Create record 218 :Symbol-BHAGERIA, Date-2020-10-19, Series-EQ
INFO:root:Create record 219 :Symbol-BHAGYANGR, Date-2020-10-19, Series-EQ
INFO:root:Create record 220 :Symbol-BHAGYAPROP, Date-2020-10-19, Series-EQ
INFO:root:Create record 221 :Symbol-BHANDARI, Date-2020-10-19, Series-EQ
INFO:root:Create record 222 :Symbol-BHARATFORG, Date-2020-10-19, Series-EQ
INFO:root:Create record 223 :Symbol-BHARATGEAR, Date-2020-10-19, Series-EQ
INFO:root:Create record 224 :Symbol-BHARATRAS, Date-2020-10-19, Series-EQ
INFO:root:Create record 225 :Symbol-BHARATWIRE, Date-2020-10-19, Series-EQ
INFO:root:Create record 226 :Symbol-BHARTIARTL, Date-2020-10-19, Series-EQ
INFO:root:Create record 227 :Symbol-BHEL, Date-2020-10-19, Series-EQ
INFO:root:Create record 228 :Symbol-BIGBLOC, Date-2020-10-19, Series-BE
INFO:root:Create record 229 :Symbol-BIL, Date-2020-10-19, Series-BE
INFO:root:Create record 230 :Symbol-BILENERGY, Date-2020-10-19, Series-EQ
INFO:root:Create record 231 :Symbol-BINDALAGRO, Date-2020-10-19, Series-EQ
INFO:root:Create record 232 :Symbol-BIOCON, Date-2020-10-19, Series-EQ
INFO:root:Create record 233 :Symbol-BIOFILCHEM, Date-2020-10-19, Series-BE
INFO:root:Create record 234 :Symbol-BIRLACABLE, Date-2020-10-19, Series-EQ
INFO:root:Create record 235 :Symbol-BIRLACORPN, Date-2020-10-19, Series-EQ
INFO:root:Create record 236 :Symbol-BIRLAMONEY, Date-2020-10-19, Series-EQ
INFO:root:Create record 237 :Symbol-BIRLATYRE, Date-2020-10-19, Series-EQ
INFO:root:Create record 238 :Symbol-BLBLIMITED, Date-2020-10-19, Series-BE
INFO:root:Create record 239 :Symbol-BLISSGVS, Date-2020-10-19, Series-EQ
INFO:root:Create record 240 :Symbol-BLKASHYAP, Date-2020-10-19, Series-BE
INFO:root:Create record 241 :Symbol-BLS, Date-2020-10-19, Series-EQ
INFO:root:Create record 242 :Symbol-BLUEBLENDS, Date-2020-10-19, Series-BZ
INFO:root:Create record 243 :Symbol-BLUEDART, Date-2020-10-19, Series-EQ
INFO:root:Create record 244 :Symbol-BLUESTARCO, Date-2020-10-19, Series-EQ
INFO:root:Create record 245 :Symbol-BODALCHEM, Date-2020-10-19, Series-EQ
INFO:root:Create record 246 :Symbol-BOMDYEING, Date-2020-10-19, Series-EQ
INFO:root:Create record 247 :Symbol-BOROLTD, Date-2020-10-19, Series-BE
INFO:root:Create record 248 :Symbol-BORORENEW, Date-2020-10-19, Series-EQ
INFO:root:Create record 249 :Symbol-BOSCHLTD, Date-2020-10-19, Series-EQ
INFO:root:Create record 250 :Symbol-BPCL, Date-2020-10-19, Series-EQ
INFO:root:Create record 251 :Symbol-BPL, Date-2020-10-19, Series-EQ
INFO:root:Create record 252 :Symbol-BRFL, Date-2020-10-19, Series-BE
INFO:root:Create record 253 :Symbol-BRIGADE, Date-2020-10-19, Series-EQ
INFO:root:Create record 254 :Symbol-BRIGHT, Date-2020-10-19, Series-SM
INFO:root:Create record 255 :Symbol-BRITANNIA, Date-2020-10-19, Series-EQ
INFO:root:Create record 256 :Symbol-BRITANNIA, Date-2020-10-19, Series-N2
INFO:root:Create record 257 :Symbol-BRNL, Date-2020-10-19, Series-EQ
INFO:root:Create record 258 :Symbol-BROOKS, Date-2020-10-19, Series-BE
INFO:root:Create record 259 :Symbol-BSE, Date-2020-10-19, Series-EQ
INFO:root:Create record 260 :Symbol-BSELINFRA, Date-2020-10-19, Series-EQ
INFO:root:Create record 261 :Symbol-BSHSL, Date-2020-10-19, Series-SM
INFO:root:Create record 262 :Symbol-BSL, Date-2020-10-19, Series-EQ
INFO:root:Create record 263 :Symbol-BSLGOLDETF, Date-2020-10-19, Series-EQ
INFO:root:Create record 264 :Symbol-BSLNIFTY, Date-2020-10-19, Series-EQ
INFO:root:Create record 265 :Symbol-BSOFT, Date-2020-10-19, Series-EQ
INFO:root:Create record 266 :Symbol-BURNPUR, Date-2020-10-19, Series-EQ
INFO:root:Create record 267 :Symbol-BUTTERFLY, Date-2020-10-19, Series-BE
INFO:root:Create record 268 :Symbol-BVCL, Date-2020-10-19, Series-BE
INFO:root:Create record 269 :Symbol-BYKE, Date-2020-10-19, Series-EQ
INFO:root:Create record 270 :Symbol-CADILAHC, Date-2020-10-19, Series-EQ
INFO:root:Create record 271 :Symbol-CALSOFT, Date-2020-10-19, Series-BE
INFO:root:Create record 272 :Symbol-CAMLINFINE, Date-2020-10-19, Series-EQ
INFO:root:Create record 273 :Symbol-CAMS, Date-2020-10-19, Series-EQ
INFO:root:Create record 274 :Symbol-CANBK, Date-2020-10-19, Series-EQ
INFO:root:Create record 275 :Symbol-CANDC, Date-2020-10-19, Series-BZ
INFO:root:Create record 276 :Symbol-CANFINHOME, Date-2020-10-19, Series-EQ
INFO:root:Create record 277 :Symbol-CANTABIL, Date-2020-10-19, Series-EQ
INFO:root:Create record 278 :Symbol-CAPACITE, Date-2020-10-19, Series-EQ
INFO:root:Create record 279 :Symbol-CAPLIPOINT, Date-2020-10-19, Series-EQ
INFO:root:Create record 280 :Symbol-CAPTRUST, Date-2020-10-19, Series-EQ
INFO:root:Create record 281 :Symbol-CARBORUNIV, Date-2020-10-19, Series-EQ
INFO:root:Create record 282 :Symbol-CAREERP, Date-2020-10-19, Series-EQ
INFO:root:Create record 283 :Symbol-CARERATING, Date-2020-10-19, Series-EQ
INFO:root:Create record 284 :Symbol-CASTEXTECH, Date-2020-10-19, Series-EQ
INFO:root:Create record 285 :Symbol-CASTROLIND, Date-2020-10-19, Series-EQ
INFO:root:Create record 286 :Symbol-CCCL, Date-2020-10-19, Series-BE
INFO:root:Create record 287 :Symbol-CCHHL, Date-2020-10-19, Series-EQ
INFO:root:Create record 288 :Symbol-CCL, Date-2020-10-19, Series-EQ
INFO:root:Create record 289 :Symbol-CDSL, Date-2020-10-19, Series-EQ
INFO:root:Create record 290 :Symbol-CEATLTD, Date-2020-10-19, Series-EQ
INFO:root:Create record 291 :Symbol-CEBBCO, Date-2020-10-19, Series-EQ
INFO:root:Create record 292 :Symbol-CELEBRITY, Date-2020-10-19, Series-EQ
INFO:root:Create record 293 :Symbol-CENTENKA, Date-2020-10-19, Series-EQ
INFO:root:Create record 294 :Symbol-CENTEXT, Date-2020-10-19, Series-EQ
INFO:root:Create record 295 :Symbol-CENTRALBK, Date-2020-10-19, Series-EQ
INFO:root:Create record 296 :Symbol-CENTRUM, Date-2020-10-19, Series-EQ
INFO:root:Create record 297 :Symbol-CENTUM, Date-2020-10-19, Series-EQ
INFO:root:Create record 298 :Symbol-CENTURYPLY, Date-2020-10-19, Series-EQ
INFO:root:Create record 299 :Symbol-CENTURYTEX, Date-2020-10-19, Series-EQ
INFO:root:Create record 300 :Symbol-CERA, Date-2020-10-19, Series-EQ
INFO:root:Create record 301 :Symbol-CEREBRAINT, Date-2020-10-19, Series-EQ
INFO:root:Create record 302 :Symbol-CESC, Date-2020-10-19, Series-EQ
INFO:root:Create record 303 :Symbol-CESCVENT, Date-2020-10-19, Series-EQ
INFO:root:Create record 304 :Symbol-CGCL, Date-2020-10-19, Series-EQ
INFO:root:Create record 305 :Symbol-CGPOWER, Date-2020-10-19, Series-EQ
INFO:root:Create record 306 :Symbol-CHALET, Date-2020-10-19, Series-EQ
INFO:root:Create record 307 :Symbol-CHAMBLFERT, Date-2020-10-19, Series-EQ
INFO:root:Create record 308 :Symbol-CHEMBOND, Date-2020-10-19, Series-EQ
INFO:root:Create record 309 :Symbol-CHEMCON, Date-2020-10-19, Series-EQ
INFO:root:Create record 310 :Symbol-CHEMFAB, Date-2020-10-19, Series-EQ
INFO:root:Create record 311 :Symbol-CHENNPETRO, Date-2020-10-19, Series-EQ
INFO:root:Create record 312 :Symbol-CHOLAFIN, Date-2020-10-19, Series-EQ
INFO:root:Create record 313 :Symbol-CHOLAHLDNG, Date-2020-10-19, Series-EQ
INFO:root:Create record 314 :Symbol-CHROMATIC, Date-2020-10-19, Series-BE
INFO:root:Create record 315 :Symbol-CIGNITITEC, Date-2020-10-19, Series-EQ
INFO:root:Create record 316 :Symbol-CIMMCO, Date-2020-10-19, Series-EQ
INFO:root:Create record 317 :Symbol-CINELINE, Date-2020-10-19, Series-EQ
INFO:root:Create record 318 :Symbol-CINEVISTA, Date-2020-10-19, Series-BE
INFO:root:Create record 319 :Symbol-CIPLA, Date-2020-10-19, Series-EQ
INFO:root:Create record 320 :Symbol-CKFSL, Date-2020-10-19, Series-BZ
INFO:root:Create record 321 :Symbol-CKPLEISURE, Date-2020-10-19, Series-SM
INFO:root:Create record 322 :Symbol-CLEDUCATE, Date-2020-10-19, Series-BE
INFO:root:Create record 323 :Symbol-CLNINDIA, Date-2020-10-19, Series-EQ
INFO:root:Create record 324 :Symbol-CMICABLES, Date-2020-10-19, Series-EQ
INFO:root:Create record 325 :Symbol-CMMIPL, Date-2020-10-19, Series-SM
INFO:root:Create record 326 :Symbol-CNOVAPETRO, Date-2020-10-19, Series-EQ
INFO:root:Create record 327 :Symbol-COALINDIA, Date-2020-10-19, Series-EQ
INFO:root:Create record 328 :Symbol-COCHINSHIP, Date-2020-10-19, Series-EQ
INFO:root:Create record 329 :Symbol-COFORGE, Date-2020-10-19, Series-EQ
INFO:root:Create record 330 :Symbol-COLPAL, Date-2020-10-19, Series-EQ
INFO:root:Create record 331 :Symbol-COMPINFO, Date-2020-10-19, Series-EQ
INFO:root:Create record 332 :Symbol-COMPUSOFT, Date-2020-10-19, Series-EQ
INFO:root:Create record 333 :Symbol-CONCOR, Date-2020-10-19, Series-EQ
INFO:root:Create record 334 :Symbol-CONFIPET, Date-2020-10-19, Series-EQ
INFO:root:Create record 335 :Symbol-CONSOFINVT, Date-2020-10-19, Series-EQ
INFO:root:Create record 336 :Symbol-CONTROLPR, Date-2020-10-19, Series-EQ
INFO:root:Create record 337 :Symbol-CORALFINAC, Date-2020-10-19, Series-EQ
INFO:root:Create record 338 :Symbol-CORDSCABLE, Date-2020-10-19, Series-EQ
INFO:root:Create record 339 :Symbol-COROMANDEL, Date-2020-10-19, Series-EQ
INFO:root:Create record 340 :Symbol-COSMOFILMS, Date-2020-10-19, Series-EQ
INFO:root:Create record 341 :Symbol-COUNCODOS, Date-2020-10-19, Series-EQ
INFO:root:Create record 342 :Symbol-COX&KINGS, Date-2020-10-19, Series-BZ
INFO:root:Create record 343 :Symbol-CPSEETF, Date-2020-10-19, Series-EQ
INFO:root:Create record 344 :Symbol-CREATIVE, Date-2020-10-19, Series-EQ
INFO:root:Create record 345 :Symbol-CREATIVEYE, Date-2020-10-19, Series-BE
INFO:root:Create record 346 :Symbol-CREDITACC, Date-2020-10-19, Series-EQ
INFO:root:Create record 347 :Symbol-CREST, Date-2020-10-19, Series-EQ
INFO:root:Create record 348 :Symbol-CRISIL, Date-2020-10-19, Series-EQ
INFO:root:Create record 349 :Symbol-CROMPTON, Date-2020-10-19, Series-EQ
INFO:root:Create record 350 :Symbol-CSBBANK, Date-2020-10-19, Series-EQ
INFO:root:Create record 351 :Symbol-CTE, Date-2020-10-19, Series-EQ
INFO:root:Create record 352 :Symbol-CUB, Date-2020-10-19, Series-EQ
INFO:root:Create record 353 :Symbol-CUBEXTUB, Date-2020-10-19, Series-EQ
INFO:root:Create record 354 :Symbol-CUMMINSIND, Date-2020-10-19, Series-EQ
INFO:root:Create record 355 :Symbol-CUPID, Date-2020-10-19, Series-EQ
INFO:root:Create record 356 :Symbol-CYBERTECH, Date-2020-10-19, Series-EQ
INFO:root:Create record 357 :Symbol-CYIENT, Date-2020-10-19, Series-EQ
INFO:root:Create record 358 :Symbol-DAAWAT, Date-2020-10-19, Series-EQ
INFO:root:Create record 359 :Symbol-DABUR, Date-2020-10-19, Series-EQ
INFO:root:Create record 360 :Symbol-DALBHARAT, Date-2020-10-19, Series-EQ
INFO:root:Create record 361 :Symbol-DALMIASUG, Date-2020-10-19, Series-EQ
INFO:root:Create record 362 :Symbol-DAMODARIND, Date-2020-10-19, Series-EQ
INFO:root:Create record 363 :Symbol-DATAMATICS, Date-2020-10-19, Series-EQ
INFO:root:Create record 364 :Symbol-DBCORP, Date-2020-10-19, Series-EQ
INFO:root:Create record 365 :Symbol-DBL, Date-2020-10-19, Series-EQ
INFO:root:Create record 366 :Symbol-DBREALTY, Date-2020-10-19, Series-EQ
INFO:root:Create record 367 :Symbol-DBSTOCKBRO, Date-2020-10-19, Series-EQ
INFO:root:Create record 368 :Symbol-DCAL, Date-2020-10-19, Series-EQ
INFO:root:Create record 369 :Symbol-DCBBANK, Date-2020-10-19, Series-EQ
INFO:root:Create record 370 :Symbol-DCM, Date-2020-10-19, Series-EQ
INFO:root:Create record 371 :Symbol-DCMFINSERV, Date-2020-10-19, Series-BE
INFO:root:Create record 372 :Symbol-DCMNVL, Date-2020-10-19, Series-EQ
INFO:root:Create record 373 :Symbol-DCMSHRIRAM, Date-2020-10-19, Series-EQ
INFO:root:Create record 374 :Symbol-DCW, Date-2020-10-19, Series-EQ
INFO:root:Create record 375 :Symbol-DECCANCE, Date-2020-10-19, Series-EQ
INFO:root:Create record 376 :Symbol-DEEPAKFERT, Date-2020-10-19, Series-EQ
INFO:root:Create record 377 :Symbol-DEEPAKNTR, Date-2020-10-19, Series-EQ
INFO:root:Create record 378 :Symbol-DEEPENR, Date-2020-10-19, Series-EQ
INFO:root:Create record 379 :Symbol-DELTACORP, Date-2020-10-19, Series-EQ
INFO:root:Create record 380 :Symbol-DELTAMAGNT, Date-2020-10-19, Series-EQ
INFO:root:Create record 381 :Symbol-DEN, Date-2020-10-19, Series-EQ
INFO:root:Create record 382 :Symbol-DENORA, Date-2020-10-19, Series-EQ
INFO:root:Create record 383 :Symbol-DEVIT, Date-2020-10-19, Series-SM
INFO:root:Create record 384 :Symbol-DFMFOODS, Date-2020-10-19, Series-EQ
INFO:root:Create record 385 :Symbol-DGCONTENT, Date-2020-10-19, Series-BE
INFO:root:Create record 386 :Symbol-DHAMPURSUG, Date-2020-10-19, Series-EQ
INFO:root:Create record 387 :Symbol-DHANBANK, Date-2020-10-19, Series-EQ
INFO:root:Create record 388 :Symbol-DHANILOANS, Date-2020-10-19, Series-N2
INFO:root:Create record 389 :Symbol-DHANILOANS, Date-2020-10-19, Series-N3
INFO:root:Create record 390 :Symbol-DHANILOANS, Date-2020-10-19, Series-N5
INFO:root:Create record 391 :Symbol-DHANILOANS, Date-2020-10-19, Series-N6
INFO:root:Create record 392 :Symbol-DHANILOANS, Date-2020-10-19, Series-N7
INFO:root:Create record 393 :Symbol-DHANILOANS, Date-2020-10-19, Series-N8
INFO:root:Create record 394 :Symbol-DHANUKA, Date-2020-10-19, Series-EQ
INFO:root:Create record 395 :Symbol-DHARSUGAR, Date-2020-10-19, Series-EQ
INFO:root:Create record 396 :Symbol-DHFL, Date-2020-10-19, Series-EQ
INFO:root:Create record 397 :Symbol-DHFL, Date-2020-10-19, Series-N4
INFO:root:Create record 398 :Symbol-DHFL, Date-2020-10-19, Series-N6
INFO:root:Create record 399 :Symbol-DHFL, Date-2020-10-19, Series-NA
INFO:root:Create record 400 :Symbol-DHFL, Date-2020-10-19, Series-NP
INFO:root:Create record 401 :Symbol-DHFL, Date-2020-10-19, Series-NQ
INFO:root:Create record 402 :Symbol-DHFL, Date-2020-10-19, Series-NS
INFO:root:Create record 403 :Symbol-DHFL, Date-2020-10-19, Series-NX
INFO:root:Create record 404 :Symbol-DHFL, Date-2020-10-19, Series-NY
INFO:root:Create record 405 :Symbol-DHFL, Date-2020-10-19, Series-Y1
INFO:root:Create record 406 :Symbol-DHUNINV, Date-2020-10-19, Series-EQ
INFO:root:Create record 407 :Symbol-DIAMONDYD, Date-2020-10-19, Series-EQ
INFO:root:Create record 408 :Symbol-DIAPOWER, Date-2020-10-19, Series-BZ
INFO:root:Create record 409 :Symbol-DICIND, Date-2020-10-19, Series-EQ
INFO:root:Create record 410 :Symbol-DIGISPICE, Date-2020-10-19, Series-EQ
INFO:root:Create record 411 :Symbol-DIGJAMLTD, Date-2020-10-19, Series-BZ
INFO:root:Create record 412 :Symbol-DISHTV, Date-2020-10-19, Series-EQ
INFO:root:Create record 413 :Symbol-DIVISLAB, Date-2020-10-19, Series-EQ
INFO:root:Create record 414 :Symbol-DIXON, Date-2020-10-19, Series-EQ
INFO:root:Create record 415 :Symbol-DLF, Date-2020-10-19, Series-EQ
INFO:root:Create record 416 :Symbol-DLINKINDIA, Date-2020-10-19, Series-EQ
INFO:root:Create record 417 :Symbol-DMART, Date-2020-10-19, Series-EQ
INFO:root:Create record 418 :Symbol-DOLAT, Date-2020-10-19, Series-EQ
INFO:root:Create record 419 :Symbol-DOLLAR, Date-2020-10-19, Series-EQ
INFO:root:Create record 420 :Symbol-DONEAR, Date-2020-10-19, Series-EQ
INFO:root:Create record 421 :Symbol-DPABHUSHAN, Date-2020-10-19, Series-SM
INFO:root:Create record 422 :Symbol-DPSCLTD, Date-2020-10-19, Series-EQ
INFO:root:Create record 423 :Symbol-DPWIRES, Date-2020-10-19, Series-EQ
INFO:root:Create record 424 :Symbol-DQE, Date-2020-10-19, Series-EQ
INFO:root:Create record 425 :Symbol-DREDGECORP, Date-2020-10-19, Series-EQ
INFO:root:Create record 426 :Symbol-DRREDDY, Date-2020-10-19, Series-EQ
INFO:root:Create record 427 :Symbol-DSML, Date-2020-10-19, Series-SM
INFO:root:Create record 428 :Symbol-DSSL, Date-2020-10-19, Series-EQ
INFO:root:Create record 429 :Symbol-DTIL, Date-2020-10-19, Series-EQ
INFO:root:Create record 430 :Symbol-DUCON, Date-2020-10-19, Series-EQ
INFO:root:Create record 431 :Symbol-DVL, Date-2020-10-19, Series-BE
INFO:root:Create record 432 :Symbol-DWARKESH, Date-2020-10-19, Series-EQ
INFO:root:Create record 433 :Symbol-DYNAMATECH, Date-2020-10-19, Series-EQ
INFO:root:Create record 434 :Symbol-DYNPRO, Date-2020-10-19, Series-EQ
INFO:root:Create record 435 :Symbol-E2E, Date-2020-10-19, Series-SM
INFO:root:Create record 436 :Symbol-EASUNREYRL, Date-2020-10-19, Series-BZ
INFO:root:Create record 437 :Symbol-EBANK, Date-2020-10-19, Series-EQ
INFO:root:Create record 438 :Symbol-EBBETF0423, Date-2020-10-19, Series-EQ
INFO:root:Create record 439 :Symbol-EBBETF0425, Date-2020-10-19, Series-EQ
INFO:root:Create record 440 :Symbol-EBBETF0430, Date-2020-10-19, Series-EQ
INFO:root:Create record 441 :Symbol-EBBETF0431, Date-2020-10-19, Series-EQ
INFO:root:Create record 442 :Symbol-EBIXFOREX, Date-2020-10-19, Series-EQ
INFO:root:Create record 443 :Symbol-ECLERX, Date-2020-10-19, Series-EQ
INFO:root:Create record 444 :Symbol-ECLFINANCE, Date-2020-10-19, Series-NE
INFO:root:Create record 445 :Symbol-ECLFINANCE, Date-2020-10-19, Series-NF
INFO:root:Create record 446 :Symbol-ECLFINANCE, Date-2020-10-19, Series-NH
INFO:root:Create record 447 :Symbol-ECLFINANCE, Date-2020-10-19, Series-NI
INFO:root:Create record 448 :Symbol-ECLFINANCE, Date-2020-10-19, Series-NJ
INFO:root:Create record 449 :Symbol-ECLFINANCE, Date-2020-10-19, Series-NK
INFO:root:Create record 450 :Symbol-ECLFINANCE, Date-2020-10-19, Series-NM
INFO:root:Create record 451 :Symbol-ECLFINANCE, Date-2020-10-19, Series-NN
INFO:root:Create record 452 :Symbol-ECLFINANCE, Date-2020-10-19, Series-NO
INFO:root:Create record 453 :Symbol-ECLFINANCE, Date-2020-10-19, Series-NQ
INFO:root:Create record 454 :Symbol-ECLFINANCE, Date-2020-10-19, Series-NR
INFO:root:Create record 455 :Symbol-ECLFINANCE, Date-2020-10-19, Series-NS
INFO:root:Create record 456 :Symbol-EDELWEISS, Date-2020-10-19, Series-EQ
INFO:root:Create record 457 :Symbol-EDUCOMP, Date-2020-10-19, Series-BZ
INFO:root:Create record 458 :Symbol-EHFLNCD, Date-2020-10-19, Series-N5
INFO:root:Create record 459 :Symbol-EHFLNCD, Date-2020-10-19, Series-N6
INFO:root:Create record 460 :Symbol-EICHERMOT, Date-2020-10-19, Series-EQ
INFO:root:Create record 461 :Symbol-EIDPARRY, Date-2020-10-19, Series-EQ
INFO:root:Create record 462 :Symbol-EIFFL, Date-2020-10-19, Series-SM
INFO:root:Create record 463 :Symbol-EIHAHOTELS, Date-2020-10-19, Series-EQ
INFO:root:Create record 464 :Symbol-EIHOTEL, Date-2020-10-19, Series-EQ
INFO:root:Create record 465 :Symbol-EIMCOELECO, Date-2020-10-19, Series-EQ
INFO:root:Create record 466 :Symbol-EKC, Date-2020-10-19, Series-BE
INFO:root:Create record 467 :Symbol-ELECON, Date-2020-10-19, Series-EQ
INFO:root:Create record 468 :Symbol-ELECTCAST, Date-2020-10-19, Series-EQ
INFO:root:Create record 469 :Symbol-ELECTHERM, Date-2020-10-19, Series-EQ
INFO:root:Create record 470 :Symbol-ELGIEQUIP, Date-2020-10-19, Series-EQ
INFO:root:Create record 471 :Symbol-ELGIRUBCO, Date-2020-10-19, Series-EQ
INFO:root:Create record 472 :Symbol-EMAMILTD, Date-2020-10-19, Series-EQ
INFO:root:Create record 473 :Symbol-EMAMIPAP, Date-2020-10-19, Series-EQ
INFO:root:Create record 474 :Symbol-EMAMIREAL, Date-2020-10-19, Series-BE
INFO:root:Create record 475 :Symbol-EMBASSY, Date-2020-10-19, Series-RR
INFO:root:Create record 476 :Symbol-EMCO, Date-2020-10-19, Series-BZ
INFO:root:Create record 477 :Symbol-EMKAY, Date-2020-10-19, Series-EQ
INFO:root:Create record 478 :Symbol-EMMBI, Date-2020-10-19, Series-EQ
INFO:root:Create record 479 :Symbol-EMOFSR1RDP, Date-2020-10-19, Series-MF
INFO:root:Create record 480 :Symbol-EMOFSR1RGG, Date-2020-10-19, Series-MF
INFO:root:Create record 481 :Symbol-ENDURANCE, Date-2020-10-19, Series-EQ
INFO:root:Create record 482 :Symbol-ENERGYDEV, Date-2020-10-19, Series-EQ
INFO:root:Create record 483 :Symbol-ENGINERSIN, Date-2020-10-19, Series-EQ
INFO:root:Create record 484 :Symbol-ENIL, Date-2020-10-19, Series-EQ
INFO:root:Create record 485 :Symbol-EON, Date-2020-10-19, Series-BZ
INFO:root:Create record 486 :Symbol-EPL, Date-2020-10-19, Series-EQ
INFO:root:Create record 487 :Symbol-EQ30, Date-2020-10-19, Series-EQ
INFO:root:Create record 488 :Symbol-EQUITAS, Date-2020-10-19, Series-EQ
INFO:root:Create record 489 :Symbol-ERFLNCDI, Date-2020-10-19, Series-N1
INFO:root:Create record 490 :Symbol-ERFLNCDI, Date-2020-10-19, Series-N2
INFO:root:Create record 491 :Symbol-ERFLNCDI, Date-2020-10-19, Series-N4
INFO:root:Create record 492 :Symbol-ERFLNCDI, Date-2020-10-19, Series-N5
INFO:root:Create record 493 :Symbol-ERFLNCDI, Date-2020-10-19, Series-N6
INFO:root:Create record 494 :Symbol-ERIS, Date-2020-10-19, Series-EQ
INFO:root:Create record 495 :Symbol-EROSMEDIA, Date-2020-10-19, Series-BE
INFO:root:Create record 496 :Symbol-ESABINDIA, Date-2020-10-19, Series-EQ
INFO:root:Create record 497 :Symbol-ESCORTS, Date-2020-10-19, Series-EQ
INFO:root:Create record 498 :Symbol-ESSARSHPNG, Date-2020-10-19, Series-BE
INFO:root:Create record 499 :Symbol-ESTER, Date-2020-10-19, Series-EQ
INFO:root:Create record 500 :Symbol-EUROMULTI, Date-2020-10-19, Series-BE
INFO:root:Create record 501 :Symbol-EVEREADY, Date-2020-10-19, Series-EQ
INFO:root:Create record 502 :Symbol-EVERESTIND, Date-2020-10-19, Series-EQ
INFO:root:Create record 503 :Symbol-EXCEL, Date-2020-10-19, Series-EQ
INFO:root:Create record 504 :Symbol-EXCELINDUS, Date-2020-10-19, Series-EQ
INFO:root:Create record 505 :Symbol-EXIDEIND, Date-2020-10-19, Series-EQ
INFO:root:Create record 506 :Symbol-EXPLEOSOL, Date-2020-10-19, Series-EQ
INFO:root:Create record 507 :Symbol-FACT, Date-2020-10-19, Series-EQ
INFO:root:Create record 508 :Symbol-FCL, Date-2020-10-19, Series-EQ
INFO:root:Create record 509 :Symbol-FCONSUMER, Date-2020-10-19, Series-EQ
INFO:root:Create record 510 :Symbol-FCSSOFT, Date-2020-10-19, Series-EQ
INFO:root:Create record 511 :Symbol-FDC, Date-2020-10-19, Series-EQ
INFO:root:Create record 512 :Symbol-FEDERALBNK, Date-2020-10-19, Series-EQ
INFO:root:Create record 513 :Symbol-FEL, Date-2020-10-19, Series-EQ
INFO:root:Create record 514 :Symbol-FELDVR, Date-2020-10-19, Series-EQ
INFO:root:Create record 515 :Symbol-FIEMIND, Date-2020-10-19, Series-EQ
INFO:root:Create record 516 :Symbol-FILATEX, Date-2020-10-19, Series-EQ
INFO:root:Create record 517 :Symbol-FINCABLES, Date-2020-10-19, Series-EQ
INFO:root:Create record 518 :Symbol-FINEORG, Date-2020-10-19, Series-EQ
INFO:root:Create record 519 :Symbol-FINPIPE, Date-2020-10-19, Series-EQ
INFO:root:Create record 520 :Symbol-FISTIP2GPD, Date-2020-10-19, Series-MF
INFO:root:Create record 521 :Symbol-FLEXITUFF, Date-2020-10-19, Series-BE
INFO:root:Create record 522 :Symbol-FLFL, Date-2020-10-19, Series-EQ
INFO:root:Create record 523 :Symbol-FLUOROCHEM, Date-2020-10-19, Series-EQ
INFO:root:Create record 524 :Symbol-FMGOETZE, Date-2020-10-19, Series-EQ
INFO:root:Create record 525 :Symbol-FMNL, Date-2020-10-19, Series-EQ
INFO:root:Create record 526 :Symbol-FORCEMOT, Date-2020-10-19, Series-EQ
INFO:root:Create record 527 :Symbol-FORTIS, Date-2020-10-19, Series-EQ
INFO:root:Create record 528 :Symbol-FOSECOIND, Date-2020-10-19, Series-EQ
INFO:root:Create record 529 :Symbol-FRETAIL, Date-2020-10-19, Series-EQ
INFO:root:Create record 530 :Symbol-FSC, Date-2020-10-19, Series-EQ
INFO:root:Create record 531 :Symbol-FSL, Date-2020-10-19, Series-EQ
INFO:root:Create record 532 :Symbol-GABRIEL, Date-2020-10-19, Series-EQ
INFO:root:Create record 533 :Symbol-GAEL, Date-2020-10-19, Series-EQ
INFO:root:Create record 534 :Symbol-GAIL, Date-2020-10-19, Series-EQ
INFO:root:Create record 535 :Symbol-GAL, Date-2020-10-19, Series-BE
INFO:root:Create record 536 :Symbol-GALAXYSURF, Date-2020-10-19, Series-EQ
INFO:root:Create record 537 :Symbol-GALLANTT, Date-2020-10-19, Series-EQ
INFO:root:Create record 538 :Symbol-GALLISPAT, Date-2020-10-19, Series-EQ
INFO:root:Create record 539 :Symbol-GAMMNINFRA, Date-2020-10-19, Series-EQ
INFO:root:Create record 540 :Symbol-GANDHITUBE, Date-2020-10-19, Series-EQ
INFO:root:Create record 541 :Symbol-GANECOS, Date-2020-10-19, Series-EQ
INFO:root:Create record 542 :Symbol-GANESHHOUC, Date-2020-10-19, Series-EQ
INFO:root:Create record 543 :Symbol-GANGESSECU, Date-2020-10-19, Series-EQ
INFO:root:Create record 544 :Symbol-GARDENSILK, Date-2020-10-19, Series-BE
INFO:root:Create record 545 :Symbol-GARFIBRES, Date-2020-10-19, Series-EQ
INFO:root:Create record 546 :Symbol-GATI, Date-2020-10-19, Series-EQ
INFO:root:Create record 547 :Symbol-GAYAHWS, Date-2020-10-19, Series-BE
INFO:root:Create record 548 :Symbol-GAYAPROJ, Date-2020-10-19, Series-EQ
INFO:root:Create record 549 :Symbol-GDL, Date-2020-10-19, Series-EQ
INFO:root:Create record 550 :Symbol-GEECEE, Date-2020-10-19, Series-EQ
INFO:root:Create record 551 :Symbol-GEEKAYWIRE, Date-2020-10-19, Series-BE
INFO:root:Create record 552 :Symbol-GENESYS, Date-2020-10-19, Series-BE
INFO:root:Create record 553 :Symbol-GENUSPAPER, Date-2020-10-19, Series-EQ
INFO:root:Create record 554 :Symbol-GENUSPOWER, Date-2020-10-19, Series-EQ
INFO:root:Create record 555 :Symbol-GEOJITFSL, Date-2020-10-19, Series-EQ
INFO:root:Create record 556 :Symbol-GEPIL, Date-2020-10-19, Series-EQ
INFO:root:Create record 557 :Symbol-GESHIP, Date-2020-10-19, Series-EQ
INFO:root:Create record 558 :Symbol-GET&D, Date-2020-10-19, Series-EQ
INFO:root:Create record 559 :Symbol-GFLLIMITED, Date-2020-10-19, Series-EQ
INFO:root:Create record 560 :Symbol-GHCL, Date-2020-10-19, Series-EQ
INFO:root:Create record 561 :Symbol-GICHSGFIN, Date-2020-10-19, Series-EQ
INFO:root:Create record 562 :Symbol-GICRE, Date-2020-10-19, Series-EQ
INFO:root:Create record 563 :Symbol-GILLANDERS, Date-2020-10-19, Series-EQ
INFO:root:Create record 564 :Symbol-GILLETTE, Date-2020-10-19, Series-EQ
INFO:root:Create record 565 :Symbol-GINNIFILA, Date-2020-10-19, Series-EQ
INFO:root:Create record 566 :Symbol-GIPCL, Date-2020-10-19, Series-EQ
INFO:root:Create record 567 :Symbol-GKWLIMITED, Date-2020-10-19, Series-EQ
INFO:root:Create record 568 :Symbol-GLAXO, Date-2020-10-19, Series-EQ
INFO:root:Create record 569 :Symbol-GLENMARK, Date-2020-10-19, Series-EQ
INFO:root:Create record 570 :Symbol-GLFL, Date-2020-10-19, Series-EQ
INFO:root:Create record 571 :Symbol-GLOBALVECT, Date-2020-10-19, Series-EQ
INFO:root:Create record 572 :Symbol-GLOBE, Date-2020-10-19, Series-EQ
INFO:root:Create record 573 :Symbol-GLOBOFFS, Date-2020-10-19, Series-BE
INFO:root:Create record 574 :Symbol-GLOBUSSPR, Date-2020-10-19, Series-EQ
INFO:root:Create record 575 :Symbol-GMBREW, Date-2020-10-19, Series-EQ
INFO:root:Create record 576 :Symbol-GMDCLTD, Date-2020-10-19, Series-EQ
INFO:root:Create record 577 :Symbol-GMMPFAUDLR, Date-2020-10-19, Series-EQ
INFO:root:Create record 578 :Symbol-GMRINFRA, Date-2020-10-19, Series-EQ
INFO:root:Create record 579 :Symbol-GNA, Date-2020-10-19, Series-EQ
INFO:root:Create record 580 :Symbol-GNFC, Date-2020-10-19, Series-EQ
INFO:root:Create record 581 :Symbol-GOACARBON, Date-2020-10-19, Series-EQ
INFO:root:Create record 582 :Symbol-GOCLCORP, Date-2020-10-19, Series-EQ
INFO:root:Create record 583 :Symbol-GODFRYPHLP, Date-2020-10-19, Series-EQ
INFO:root:Create record 584 :Symbol-GODREJAGRO, Date-2020-10-19, Series-EQ
INFO:root:Create record 585 :Symbol-GODREJCP, Date-2020-10-19, Series-EQ
INFO:root:Create record 586 :Symbol-GODREJIND, Date-2020-10-19, Series-EQ
INFO:root:Create record 587 :Symbol-GODREJPROP, Date-2020-10-19, Series-EQ
INFO:root:Create record 588 :Symbol-GOENKA, Date-2020-10-19, Series-BZ
INFO:root:Create record 589 :Symbol-GOKEX, Date-2020-10-19, Series-EQ
INFO:root:Create record 590 :Symbol-GOKUL, Date-2020-10-19, Series-EQ
INFO:root:Create record 591 :Symbol-GOKULAGRO, Date-2020-10-19, Series-EQ
INFO:root:Create record 592 :Symbol-GOLDBEES, Date-2020-10-19, Series-EQ
INFO:root:Create record 593 :Symbol-GOLDENTOBC, Date-2020-10-19, Series-EQ
INFO:root:Create record 594 :Symbol-GOLDIAM, Date-2020-10-19, Series-EQ
INFO:root:Create record 595 :Symbol-GOLDSHARE, Date-2020-10-19, Series-EQ
INFO:root:Create record 596 :Symbol-GOLDTECH, Date-2020-10-19, Series-BE
INFO:root:Create record 597 :Symbol-GOODLUCK, Date-2020-10-19, Series-EQ
INFO:root:Create record 598 :Symbol-GOODYEAR, Date-2020-10-19, Series-EQ
INFO:root:Create record 599 :Symbol-GPIL, Date-2020-10-19, Series-EQ
INFO:root:Create record 600 :Symbol-GPPL, Date-2020-10-19, Series-EQ
INFO:root:Create record 601 :Symbol-GPTINFRA, Date-2020-10-19, Series-EQ
INFO:root:Create record 602 :Symbol-GRANULES, Date-2020-10-19, Series-EQ
INFO:root:Create record 603 :Symbol-GRAPHITE, Date-2020-10-19, Series-EQ
INFO:root:Create record 604 :Symbol-GRASIM, Date-2020-10-19, Series-EQ
INFO:root:Create record 605 :Symbol-GRAVITA, Date-2020-10-19, Series-EQ
INFO:root:Create record 606 :Symbol-GREAVESCOT, Date-2020-10-19, Series-EQ
INFO:root:Create record 607 :Symbol-GREENLAM, Date-2020-10-19, Series-EQ
INFO:root:Create record 608 :Symbol-GREENPANEL, Date-2020-10-19, Series-EQ
