INFO:root:File download successful
INFO:root:Creating folder
INFO:root:Bhavdata file copied from the dowloads folder
INFO:root:Create record 0 :Symbol-20MICRONS, Date-2020-10-20, Series-EQ
INFO:root:Create record 1 :Symbol-21STCENMGM, Date-2020-10-20, Series-EQ
INFO:root:Create record 2 :Symbol-3IINFOTECH, Date-2020-10-20, Series-EQ
INFO:root:Create record 3 :Symbol-3MINDIA, Date-2020-10-20, Series-EQ
INFO:root:Create record 4 :Symbol-3PLAND, Date-2020-10-20, Series-EQ
INFO:root:Create record 5 :Symbol-5PAISA, Date-2020-10-20, Series-BE
INFO:root:Create record 6 :Symbol-63MOONS, Date-2020-10-20, Series-EQ
INFO:root:Create record 7 :Symbol-68GS2060, Date-2020-10-20, Series-GS
INFO:root:Create record 8 :Symbol-716GS2050, Date-2020-10-20, Series-GS
INFO:root:Create record 9 :Symbol-726GS2029, Date-2020-10-20, Series-GS
INFO:root:Create record 10 :Symbol-757GS2033, Date-2020-10-20, Series-GS
INFO:root:Create record 11 :Symbol-763GS2059, Date-2020-10-20, Series-GS
INFO:root:Create record 12 :Symbol-824GS2027, Date-2020-10-20, Series-GS
INFO:root:Create record 13 :Symbol-8KMILES, Date-2020-10-20, Series-BE
INFO:root:Create record 14 :Symbol-A2ZINFRA, Date-2020-10-20, Series-EQ
INFO:root:Create record 15 :Symbol-AAATECH, Date-2020-10-20, Series-ST
INFO:root:Create record 16 :Symbol-AAKASH, Date-2020-10-20, Series-EQ
INFO:root:Create record 17 :Symbol-AARON, Date-2020-10-20, Series-SM
INFO:root:Create record 18 :Symbol-AARTIDRUGS, Date-2020-10-20, Series-EQ
INFO:root:Create record 19 :Symbol-AARTIIND, Date-2020-10-20, Series-EQ
INFO:root:Create record 20 :Symbol-AARTISURF, Date-2020-10-20, Series-BE
INFO:root:Create record 21 :Symbol-AARVEEDEN, Date-2020-10-20, Series-EQ
INFO:root:Create record 22 :Symbol-AARVI, Date-2020-10-20, Series-EQ
INFO:root:Create record 23 :Symbol-AAVAS, Date-2020-10-20, Series-EQ
INFO:root:Create record 24 :Symbol-ABAN, Date-2020-10-20, Series-EQ
INFO:root:Create record 25 :Symbol-ABB, Date-2020-10-20, Series-EQ
INFO:root:Create record 26 :Symbol-ABBOTINDIA, Date-2020-10-20, Series-EQ
INFO:root:Create record 27 :Symbol-ABCAPITAL, Date-2020-10-20, Series-EQ
INFO:root:Create record 28 :Symbol-ABFRL, Date-2020-10-20, Series-EQ
INFO:root:Create record 29 :Symbol-ABFRLPP, Date-2020-10-20, Series-E1
INFO:root:Create record 30 :Symbol-ABMINTLTD, Date-2020-10-20, Series-BE
INFO:root:Create record 31 :Symbol-ABSLBANETF, Date-2020-10-20, Series-EQ
INFO:root:Create record 32 :Symbol-ACC, Date-2020-10-20, Series-EQ
INFO:root:Create record 33 :Symbol-ACCELYA, Date-2020-10-20, Series-EQ
INFO:root:Create record 34 :Symbol-ACE, Date-2020-10-20, Series-EQ
INFO:root:Create record 35 :Symbol-ADANIENT, Date-2020-10-20, Series-EQ
INFO:root:Create record 36 :Symbol-ADANIGAS, Date-2020-10-20, Series-EQ
INFO:root:Create record 37 :Symbol-ADANIGREEN, Date-2020-10-20, Series-EQ
INFO:root:Create record 38 :Symbol-ADANIPORTS, Date-2020-10-20, Series-EQ
INFO:root:Create record 39 :Symbol-ADANIPOWER, Date-2020-10-20, Series-EQ
INFO:root:Create record 40 :Symbol-ADANITRANS, Date-2020-10-20, Series-EQ
INFO:root:Create record 41 :Symbol-ADFFOODS, Date-2020-10-20, Series-EQ
INFO:root:Create record 42 :Symbol-ADHUNIKIND, Date-2020-10-20, Series-EQ
INFO:root:Create record 43 :Symbol-ADL, Date-2020-10-20, Series-BE
INFO:root:Create record 44 :Symbol-ADORWELD, Date-2020-10-20, Series-EQ
INFO:root:Create record 45 :Symbol-ADROITINFO, Date-2020-10-20, Series-EQ
INFO:root:Create record 46 :Symbol-ADSL, Date-2020-10-20, Series-EQ
INFO:root:Create record 47 :Symbol-ADVANIHOTR, Date-2020-10-20, Series-EQ
INFO:root:Create record 48 :Symbol-ADVENZYMES, Date-2020-10-20, Series-EQ
INFO:root:Create record 49 :Symbol-AEGISCHEM, Date-2020-10-20, Series-EQ
INFO:root:Create record 50 :Symbol-AFFLE, Date-2020-10-20, Series-EQ
INFO:root:Create record 51 :Symbol-AGARIND, Date-2020-10-20, Series-EQ
INFO:root:Create record 52 :Symbol-AGCNET, Date-2020-10-20, Series-EQ
INFO:root:Create record 53 :Symbol-AGRITECH, Date-2020-10-20, Series-EQ
INFO:root:Create record 54 :Symbol-AGROPHOS, Date-2020-10-20, Series-EQ
INFO:root:Create record 55 :Symbol-AHLEAST, Date-2020-10-20, Series-EQ
INFO:root:Create record 56 :Symbol-AHLUCONT, Date-2020-10-20, Series-EQ
INFO:root:Create record 57 :Symbol-AHLWEST, Date-2020-10-20, Series-EQ
INFO:root:Create record 58 :Symbol-AIAENG, Date-2020-10-20, Series-EQ
INFO:root:Create record 59 :Symbol-AIRAN, Date-2020-10-20, Series-EQ
INFO:root:Create record 60 :Symbol-AJANTPHARM, Date-2020-10-20, Series-EQ
INFO:root:Create record 61 :Symbol-AJMERA, Date-2020-10-20, Series-EQ
INFO:root:Create record 62 :Symbol-AJOONI, Date-2020-10-20, Series-SM
INFO:root:Create record 63 :Symbol-AKASH, Date-2020-10-20, Series-BE
INFO:root:Create record 64 :Symbol-AKG, Date-2020-10-20, Series-SM
INFO:root:Create record 65 :Symbol-AKSHARCHEM, Date-2020-10-20, Series-EQ
INFO:root:Create record 66 :Symbol-AKSHOPTFBR, Date-2020-10-20, Series-EQ
INFO:root:Create record 67 :Symbol-AKZOINDIA, Date-2020-10-20, Series-EQ
INFO:root:Create record 68 :Symbol-ALANKIT, Date-2020-10-20, Series-EQ
INFO:root:Create record 69 :Symbol-ALBERTDAVD, Date-2020-10-20, Series-EQ
INFO:root:Create record 70 :Symbol-ALCHEM, Date-2020-10-20, Series-EQ
INFO:root:Create record 71 :Symbol-ALEMBICLTD, Date-2020-10-20, Series-EQ
INFO:root:Create record 72 :Symbol-ALICON, Date-2020-10-20, Series-EQ
INFO:root:Create record 73 :Symbol-ALKALI, Date-2020-10-20, Series-EQ
INFO:root:Create record 74 :Symbol-ALKEM, Date-2020-10-20, Series-EQ
INFO:root:Create record 75 :Symbol-ALKYLAMINE, Date-2020-10-20, Series-EQ
INFO:root:Create record 76 :Symbol-ALLCARGO, Date-2020-10-20, Series-EQ
INFO:root:Create record 77 :Symbol-ALLSEC, Date-2020-10-20, Series-EQ
INFO:root:Create record 78 :Symbol-ALMONDZ, Date-2020-10-20, Series-EQ
INFO:root:Create record 79 :Symbol-ALOKINDS, Date-2020-10-20, Series-EQ
INFO:root:Create record 80 :Symbol-ALPA, Date-2020-10-20, Series-EQ
INFO:root:Create record 81 :Symbol-ALPHAGEO, Date-2020-10-20, Series-EQ
INFO:root:Create record 82 :Symbol-AMARAJABAT, Date-2020-10-20, Series-EQ
INFO:root:Create record 83 :Symbol-AMBER, Date-2020-10-20, Series-EQ
INFO:root:Create record 84 :Symbol-AMBIKCO, Date-2020-10-20, Series-EQ
INFO:root:Create record 85 :Symbol-AMBUJACEM, Date-2020-10-20, Series-EQ
INFO:root:Create record 86 :Symbol-AMDIND, Date-2020-10-20, Series-EQ
INFO:root:Create record 87 :Symbol-AMJLAND, Date-2020-10-20, Series-EQ
INFO:root:Create record 88 :Symbol-AMJUMBO, Date-2020-10-20, Series-SM
INFO:root:Create record 89 :Symbol-AMRUTANJAN, Date-2020-10-20, Series-EQ
INFO:root:Create record 90 :Symbol-ANANTRAJ, Date-2020-10-20, Series-EQ
INFO:root:Create record 91 :Symbol-ANDHRACEMT, Date-2020-10-20, Series-EQ
INFO:root:Create record 92 :Symbol-ANDHRAPAP, Date-2020-10-20, Series-EQ
INFO:root:Create record 93 :Symbol-ANDHRSUGAR, Date-2020-10-20, Series-EQ
INFO:root:Create record 94 :Symbol-ANGELBRKG, Date-2020-10-20, Series-EQ
INFO:root:Create record 95 :Symbol-ANIKINDS, Date-2020-10-20, Series-EQ
INFO:root:Create record 96 :Symbol-ANKITMETAL, Date-2020-10-20, Series-BE
INFO:root:Create record 97 :Symbol-ANSALAPI, Date-2020-10-20, Series-EQ
INFO:root:Create record 98 :Symbol-ANSALHSG, Date-2020-10-20, Series-EQ
INFO:root:Create record 99 :Symbol-ANUP, Date-2020-10-20, Series-EQ
INFO:root:Create record 100 :Symbol-APARINDS, Date-2020-10-20, Series-EQ
INFO:root:Create record 101 :Symbol-APCL, Date-2020-10-20, Series-EQ
INFO:root:Create record 102 :Symbol-APCOTEXIND, Date-2020-10-20, Series-EQ
INFO:root:Create record 103 :Symbol-APEX, Date-2020-10-20, Series-EQ
INFO:root:Create record 104 :Symbol-APLAPOLLO, Date-2020-10-20, Series-EQ
INFO:root:Create record 105 :Symbol-APLLTD, Date-2020-10-20, Series-EQ
INFO:root:Create record 106 :Symbol-APOLLO, Date-2020-10-20, Series-EQ
INFO:root:Create record 107 :Symbol-APOLLOHOSP, Date-2020-10-20, Series-EQ
INFO:root:Create record 108 :Symbol-APOLLOPIPE, Date-2020-10-20, Series-EQ
INFO:root:Create record 109 :Symbol-APOLLOTYRE, Date-2020-10-20, Series-EQ
INFO:root:Create record 110 :Symbol-APOLSINHOT, Date-2020-10-20, Series-EQ
INFO:root:Create record 111 :Symbol-APTECHT, Date-2020-10-20, Series-EQ
INFO:root:Create record 112 :Symbol-ARCHIDPLY, Date-2020-10-20, Series-EQ
INFO:root:Create record 113 :Symbol-ARCHIES, Date-2020-10-20, Series-EQ
INFO:root:Create record 114 :Symbol-ARCOTECH, Date-2020-10-20, Series-BE
INFO:root:Create record 115 :Symbol-ARENTERP, Date-2020-10-20, Series-EQ
INFO:root:Create record 116 :Symbol-ARIES, Date-2020-10-20, Series-EQ
INFO:root:Create record 117 :Symbol-ARIHANT, Date-2020-10-20, Series-EQ
INFO:root:Create record 118 :Symbol-ARIHANTSUP, Date-2020-10-20, Series-EQ
INFO:root:Create record 119 :Symbol-ARMANFIN, Date-2020-10-20, Series-EQ
INFO:root:Create record 120 :Symbol-AROGRANITE, Date-2020-10-20, Series-EQ
INFO:root:Create record 121 :Symbol-ARROWGREEN, Date-2020-10-20, Series-EQ
INFO:root:Create record 122 :Symbol-ARSHIYA, Date-2020-10-20, Series-BE
INFO:root:Create record 123 :Symbol-ARSSINFRA, Date-2020-10-20, Series-EQ
INFO:root:Create record 124 :Symbol-ARTEMISMED, Date-2020-10-20, Series-EQ
INFO:root:Create record 125 :Symbol-ARVIND, Date-2020-10-20, Series-EQ
INFO:root:Create record 126 :Symbol-ARVINDFASN, Date-2020-10-20, Series-EQ
INFO:root:Create record 127 :Symbol-ARVSMART, Date-2020-10-20, Series-EQ
INFO:root:Create record 128 :Symbol-ASAHIINDIA, Date-2020-10-20, Series-EQ
INFO:root:Create record 129 :Symbol-ASAHISONG, Date-2020-10-20, Series-EQ
INFO:root:Create record 130 :Symbol-ASAL, Date-2020-10-20, Series-EQ
INFO:root:Create record 131 :Symbol-ASALCBR, Date-2020-10-20, Series-EQ
INFO:root:Create record 132 :Symbol-ASHAPURMIN, Date-2020-10-20, Series-EQ
INFO:root:Create record 133 :Symbol-ASHIANA, Date-2020-10-20, Series-EQ
INFO:root:Create record 134 :Symbol-ASHIMASYN, Date-2020-10-20, Series-BE
INFO:root:Create record 135 :Symbol-ASHOKA, Date-2020-10-20, Series-EQ
INFO:root:Create record 136 :Symbol-ASHOKLEY, Date-2020-10-20, Series-EQ
INFO:root:Create record 137 :Symbol-ASIANHOTNR, Date-2020-10-20, Series-EQ
INFO:root:Create record 138 :Symbol-ASIANPAINT, Date-2020-10-20, Series-EQ
INFO:root:Create record 139 :Symbol-ASIANTILES, Date-2020-10-20, Series-EQ
INFO:root:Create record 140 :Symbol-ASPINWALL, Date-2020-10-20, Series-EQ
INFO:root:Create record 141 :Symbol-ASTEC, Date-2020-10-20, Series-EQ
INFO:root:Create record 142 :Symbol-ASTERDM, Date-2020-10-20, Series-EQ
INFO:root:Create record 143 :Symbol-ASTRAL, Date-2020-10-20, Series-EQ
INFO:root:Create record 144 :Symbol-ASTRAMICRO, Date-2020-10-20, Series-EQ
INFO:root:Create record 145 :Symbol-ASTRAZEN, Date-2020-10-20, Series-EQ
INFO:root:Create record 146 :Symbol-ASTRON, Date-2020-10-20, Series-EQ
INFO:root:Create record 147 :Symbol-ATFL, Date-2020-10-20, Series-EQ
INFO:root:Create record 148 :Symbol-ATLANTA, Date-2020-10-20, Series-EQ
INFO:root:Create record 149 :Symbol-ATLASCYCLE, Date-2020-10-20, Series-BE
INFO:root:Create record 150 :Symbol-ATUL, Date-2020-10-20, Series-EQ
INFO:root:Create record 151 :Symbol-ATULAUTO, Date-2020-10-20, Series-EQ
INFO:root:Create record 152 :Symbol-AUBANK, Date-2020-10-20, Series-EQ
INFO:root:Create record 153 :Symbol-AURDIS, Date-2020-10-20, Series-SM
INFO:root:Create record 154 :Symbol-AURIONPRO, Date-2020-10-20, Series-EQ
INFO:root:Create record 155 :Symbol-AUROPHARMA, Date-2020-10-20, Series-EQ
INFO:root:Create record 156 :Symbol-AUSOMENT, Date-2020-10-20, Series-EQ
INFO:root:Create record 157 :Symbol-AUTOAXLES, Date-2020-10-20, Series-EQ
INFO:root:Create record 158 :Symbol-AUTOIND, Date-2020-10-20, Series-EQ
INFO:root:Create record 159 :Symbol-AUTOLITIND, Date-2020-10-20, Series-EQ
INFO:root:Create record 160 :Symbol-AVADHSUGAR, Date-2020-10-20, Series-EQ
INFO:root:Create record 161 :Symbol-AVANTIFEED, Date-2020-10-20, Series-EQ
INFO:root:Create record 162 :Symbol-AVTNPL, Date-2020-10-20, Series-EQ
INFO:root:Create record 163 :Symbol-AXISBANK, Date-2020-10-20, Series-EQ
INFO:root:Create record 164 :Symbol-AXISCADES, Date-2020-10-20, Series-EQ
INFO:root:Create record 165 :Symbol-AXISGOLD, Date-2020-10-20, Series-EQ
INFO:root:Create record 166 :Symbol-AXISNIFTY, Date-2020-10-20, Series-EQ
INFO:root:Create record 167 :Symbol-AYMSYNTEX, Date-2020-10-20, Series-EQ
INFO:root:Create record 168 :Symbol-BAFNAPH, Date-2020-10-20, Series-BE
INFO:root:Create record 169 :Symbol-BAGFILMS, Date-2020-10-20, Series-EQ
INFO:root:Create record 170 :Symbol-BAJAJ-AUTO, Date-2020-10-20, Series-EQ
INFO:root:Create record 171 :Symbol-BAJAJCON, Date-2020-10-20, Series-EQ
INFO:root:Create record 172 :Symbol-BAJAJELEC, Date-2020-10-20, Series-EQ
INFO:root:Create record 173 :Symbol-BAJAJFINSV, Date-2020-10-20, Series-EQ
INFO:root:Create record 174 :Symbol-BAJAJHIND, Date-2020-10-20, Series-EQ
INFO:root:Create record 175 :Symbol-BAJAJHLDNG, Date-2020-10-20, Series-EQ
INFO:root:Create record 176 :Symbol-BAJFINANCE, Date-2020-10-20, Series-EQ
INFO:root:Create record 177 :Symbol-BALAJITELE, Date-2020-10-20, Series-EQ
INFO:root:Create record 178 :Symbol-BALAMINES, Date-2020-10-20, Series-EQ
INFO:root:Create record 179 :Symbol-BALAXI, Date-2020-10-20, Series-BE
INFO:root:Create record 180 :Symbol-BALKRISHNA, Date-2020-10-20, Series-EQ
INFO:root:Create record 181 :Symbol-BALKRISIND, Date-2020-10-20, Series-EQ
INFO:root:Create record 182 :Symbol-BALLARPUR, Date-2020-10-20, Series-BE
INFO:root:Create record 183 :Symbol-BALMLAWRIE, Date-2020-10-20, Series-EQ
INFO:root:Create record 184 :Symbol-BALPHARMA, Date-2020-10-20, Series-EQ
INFO:root:Create record 185 :Symbol-BALRAMCHIN, Date-2020-10-20, Series-EQ
INFO:root:Create record 186 :Symbol-BANARBEADS, Date-2020-10-20, Series-EQ
INFO:root:Create record 187 :Symbol-BANARISUG, Date-2020-10-20, Series-EQ
INFO:root:Create record 188 :Symbol-BANCOINDIA, Date-2020-10-20, Series-EQ
INFO:root:Create record 189 :Symbol-BANDHANBNK, Date-2020-10-20, Series-EQ
INFO:root:Create record 190 :Symbol-BANG, Date-2020-10-20, Series-EQ
INFO:root:Create record 191 :Symbol-BANKA, Date-2020-10-20, Series-SM
INFO:root:Create record 192 :Symbol-BANKBARODA, Date-2020-10-20, Series-EQ
INFO:root:Create record 193 :Symbol-BANKBEES, Date-2020-10-20, Series-EQ
INFO:root:Create record 194 :Symbol-BANKINDIA, Date-2020-10-20, Series-EQ
INFO:root:Create record 195 :Symbol-BANSWRAS, Date-2020-10-20, Series-EQ
INFO:root:Create record 196 :Symbol-BARTRONICS, Date-2020-10-20, Series-BZ
INFO:root:Create record 197 :Symbol-BASF, Date-2020-10-20, Series-EQ
INFO:root:Create record 198 :Symbol-BASML, Date-2020-10-20, Series-EQ
INFO:root:Create record 199 :Symbol-BATAINDIA, Date-2020-10-20, Series-EQ
INFO:root:Create record 200 :Symbol-BAYERCROP, Date-2020-10-20, Series-EQ
INFO:root:Create record 201 :Symbol-BBL, Date-2020-10-20, Series-EQ
INFO:root:Create record 202 :Symbol-BBTC, Date-2020-10-20, Series-EQ
INFO:root:Create record 203 :Symbol-BCG, Date-2020-10-20, Series-EQ
INFO:root:Create record 204 :Symbol-BCONCEPTS, Date-2020-10-20, Series-SM
INFO:root:Create record 205 :Symbol-BCP, Date-2020-10-20, Series-EQ
INFO:root:Create record 206 :Symbol-BDL, Date-2020-10-20, Series-EQ
INFO:root:Create record 207 :Symbol-BEARDSELL, Date-2020-10-20, Series-BE
INFO:root:Create record 208 :Symbol-BEDMUTHA, Date-2020-10-20, Series-BE
INFO:root:Create record 209 :Symbol-BEL, Date-2020-10-20, Series-EQ
INFO:root:Create record 210 :Symbol-BEML, Date-2020-10-20, Series-EQ
INFO:root:Create record 211 :Symbol-BEPL, Date-2020-10-20, Series-EQ
INFO:root:Create record 212 :Symbol-BERGEPAINT, Date-2020-10-20, Series-EQ
INFO:root:Create record 213 :Symbol-BETA, Date-2020-10-20, Series-SM
INFO:root:Create record 214 :Symbol-BFINVEST, Date-2020-10-20, Series-EQ
INFO:root:Create record 215 :Symbol-BFUTILITIE, Date-2020-10-20, Series-EQ
INFO:root:Create record 216 :Symbol-BGRENERGY, Date-2020-10-20, Series-EQ
INFO:root:Create record 217 :Symbol-BHAGERIA, Date-2020-10-20, Series-EQ
INFO:root:Create record 218 :Symbol-BHAGYANGR, Date-2020-10-20, Series-EQ
INFO:root:Create record 219 :Symbol-BHAGYAPROP, Date-2020-10-20, Series-EQ
INFO:root:Create record 220 :Symbol-BHANDARI, Date-2020-10-20, Series-EQ
INFO:root:Create record 221 :Symbol-BHARATFORG, Date-2020-10-20, Series-EQ
INFO:root:Create record 222 :Symbol-BHARATGEAR, Date-2020-10-20, Series-EQ
INFO:root:Create record 223 :Symbol-BHARATRAS, Date-2020-10-20, Series-EQ
INFO:root:Create record 224 :Symbol-BHARATWIRE, Date-2020-10-20, Series-EQ
INFO:root:Create record 225 :Symbol-BHARTIARTL, Date-2020-10-20, Series-EQ
INFO:root:Create record 226 :Symbol-BHEL, Date-2020-10-20, Series-EQ
INFO:root:Create record 227 :Symbol-BIGBLOC, Date-2020-10-20, Series-BE
INFO:root:Create record 228 :Symbol-BIL, Date-2020-10-20, Series-BE
INFO:root:Create record 229 :Symbol-BILENERGY, Date-2020-10-20, Series-EQ
INFO:root:Create record 230 :Symbol-BINDALAGRO, Date-2020-10-20, Series-EQ
INFO:root:Create record 231 :Symbol-BIOCON, Date-2020-10-20, Series-EQ
INFO:root:Create record 232 :Symbol-BIOFILCHEM, Date-2020-10-20, Series-BE
INFO:root:Create record 233 :Symbol-BIRLACABLE, Date-2020-10-20, Series-EQ
INFO:root:Create record 234 :Symbol-BIRLACORPN, Date-2020-10-20, Series-EQ
INFO:root:Create record 235 :Symbol-BIRLAMONEY, Date-2020-10-20, Series-EQ
INFO:root:Create record 236 :Symbol-BIRLATYRE, Date-2020-10-20, Series-EQ
INFO:root:Create record 237 :Symbol-BLBLIMITED, Date-2020-10-20, Series-BE
INFO:root:Create record 238 :Symbol-BLISSGVS, Date-2020-10-20, Series-EQ
INFO:root:Create record 239 :Symbol-BLKASHYAP, Date-2020-10-20, Series-BE
INFO:root:Create record 240 :Symbol-BLS, Date-2020-10-20, Series-EQ
INFO:root:Create record 241 :Symbol-BLUECOAST, Date-2020-10-20, Series-BE
INFO:root:Create record 242 :Symbol-BLUEDART, Date-2020-10-20, Series-EQ
INFO:root:Create record 243 :Symbol-BLUESTARCO, Date-2020-10-20, Series-EQ
INFO:root:Create record 244 :Symbol-BODALCHEM, Date-2020-10-20, Series-EQ
INFO:root:Create record 245 :Symbol-BOMDYEING, Date-2020-10-20, Series-EQ
INFO:root:Create record 246 :Symbol-BOROLTD, Date-2020-10-20, Series-BE
INFO:root:Create record 247 :Symbol-BORORENEW, Date-2020-10-20, Series-EQ
INFO:root:Create record 248 :Symbol-BOSCHLTD, Date-2020-10-20, Series-EQ
INFO:root:Create record 249 :Symbol-BPCL, Date-2020-10-20, Series-EQ
INFO:root:Create record 250 :Symbol-BPL, Date-2020-10-20, Series-EQ
INFO:root:Create record 251 :Symbol-BRFL, Date-2020-10-20, Series-BE
INFO:root:Create record 252 :Symbol-BRIGADE, Date-2020-10-20, Series-EQ
INFO:root:Create record 253 :Symbol-BRIGHT, Date-2020-10-20, Series-SM
INFO:root:Create record 254 :Symbol-BRITANNIA, Date-2020-10-20, Series-EQ
INFO:root:Create record 255 :Symbol-BRITANNIA, Date-2020-10-20, Series-N2
INFO:root:Create record 256 :Symbol-BRNL, Date-2020-10-20, Series-EQ
INFO:root:Create record 257 :Symbol-BROOKS, Date-2020-10-20, Series-BE
INFO:root:Create record 258 :Symbol-BSE, Date-2020-10-20, Series-EQ
INFO:root:Create record 259 :Symbol-BSELINFRA, Date-2020-10-20, Series-EQ
INFO:root:Create record 260 :Symbol-BSHSL, Date-2020-10-20, Series-SM
INFO:root:Create record 261 :Symbol-BSL, Date-2020-10-20, Series-EQ
INFO:root:Create record 262 :Symbol-BSLGOLDETF, Date-2020-10-20, Series-EQ
INFO:root:Create record 263 :Symbol-BSLNIFTY, Date-2020-10-20, Series-EQ
INFO:root:Create record 264 :Symbol-BSOFT, Date-2020-10-20, Series-EQ
INFO:root:Create record 265 :Symbol-BURNPUR, Date-2020-10-20, Series-EQ
INFO:root:Create record 266 :Symbol-BUTTERFLY, Date-2020-10-20, Series-BE
INFO:root:Create record 267 :Symbol-BVCL, Date-2020-10-20, Series-BE
INFO:root:Create record 268 :Symbol-BYKE, Date-2020-10-20, Series-EQ
INFO:root:Create record 269 :Symbol-CADILAHC, Date-2020-10-20, Series-EQ
INFO:root:Create record 270 :Symbol-CADSYS, Date-2020-10-20, Series-SM
INFO:root:Create record 271 :Symbol-CALSOFT, Date-2020-10-20, Series-BE
INFO:root:Create record 272 :Symbol-CAMLINFINE, Date-2020-10-20, Series-EQ
INFO:root:Create record 273 :Symbol-CAMS, Date-2020-10-20, Series-EQ
INFO:root:Create record 274 :Symbol-CANBK, Date-2020-10-20, Series-EQ
INFO:root:Create record 275 :Symbol-CANDC, Date-2020-10-20, Series-BZ
INFO:root:Create record 276 :Symbol-CANFINHOME, Date-2020-10-20, Series-EQ
INFO:root:Create record 277 :Symbol-CANTABIL, Date-2020-10-20, Series-EQ
INFO:root:Create record 278 :Symbol-CAPACITE, Date-2020-10-20, Series-EQ
INFO:root:Create record 279 :Symbol-CAPLIPOINT, Date-2020-10-20, Series-EQ
INFO:root:Create record 280 :Symbol-CAPTRUST, Date-2020-10-20, Series-EQ
INFO:root:Create record 281 :Symbol-CARBORUNIV, Date-2020-10-20, Series-EQ
INFO:root:Create record 282 :Symbol-CAREERP, Date-2020-10-20, Series-EQ
INFO:root:Create record 283 :Symbol-CARERATING, Date-2020-10-20, Series-EQ
INFO:root:Create record 284 :Symbol-CASTEXTECH, Date-2020-10-20, Series-EQ
INFO:root:Create record 285 :Symbol-CASTROLIND, Date-2020-10-20, Series-EQ
INFO:root:Create record 286 :Symbol-CCCL, Date-2020-10-20, Series-BE
INFO:root:Create record 287 :Symbol-CCHHL, Date-2020-10-20, Series-EQ
INFO:root:Create record 288 :Symbol-CCL, Date-2020-10-20, Series-EQ
INFO:root:Create record 289 :Symbol-CDSL, Date-2020-10-20, Series-EQ
INFO:root:Create record 290 :Symbol-CEATLTD, Date-2020-10-20, Series-EQ
INFO:root:Create record 291 :Symbol-CEBBCO, Date-2020-10-20, Series-EQ
INFO:root:Create record 292 :Symbol-CELEBRITY, Date-2020-10-20, Series-EQ
INFO:root:Create record 293 :Symbol-CENTENKA, Date-2020-10-20, Series-EQ
INFO:root:Create record 294 :Symbol-CENTEXT, Date-2020-10-20, Series-EQ
INFO:root:Create record 295 :Symbol-CENTRALBK, Date-2020-10-20, Series-EQ
INFO:root:Create record 296 :Symbol-CENTRUM, Date-2020-10-20, Series-EQ
INFO:root:Create record 297 :Symbol-CENTUM, Date-2020-10-20, Series-EQ
INFO:root:Create record 298 :Symbol-CENTURYPLY, Date-2020-10-20, Series-EQ
INFO:root:Create record 299 :Symbol-CENTURYTEX, Date-2020-10-20, Series-EQ
INFO:root:Create record 300 :Symbol-CERA, Date-2020-10-20, Series-EQ
INFO:root:Create record 301 :Symbol-CEREBRAINT, Date-2020-10-20, Series-EQ
INFO:root:Create record 302 :Symbol-CESC, Date-2020-10-20, Series-EQ
INFO:root:Create record 303 :Symbol-CESCVENT, Date-2020-10-20, Series-EQ
INFO:root:Create record 304 :Symbol-CGCL, Date-2020-10-20, Series-EQ
INFO:root:Create record 305 :Symbol-CGPOWER, Date-2020-10-20, Series-EQ
INFO:root:Create record 306 :Symbol-CHALET, Date-2020-10-20, Series-EQ
INFO:root:Create record 307 :Symbol-CHAMBLFERT, Date-2020-10-20, Series-EQ
INFO:root:Create record 308 :Symbol-CHEMBOND, Date-2020-10-20, Series-EQ
INFO:root:Create record 309 :Symbol-CHEMCON, Date-2020-10-20, Series-EQ
INFO:root:Create record 310 :Symbol-CHEMFAB, Date-2020-10-20, Series-EQ
INFO:root:Create record 311 :Symbol-CHENNPETRO, Date-2020-10-20, Series-EQ
INFO:root:Create record 312 :Symbol-CHOLAFIN, Date-2020-10-20, Series-EQ
INFO:root:Create record 313 :Symbol-CHOLAHLDNG, Date-2020-10-20, Series-EQ
INFO:root:Create record 314 :Symbol-CHROMATIC, Date-2020-10-20, Series-BE
INFO:root:Create record 315 :Symbol-CIGNITITEC, Date-2020-10-20, Series-EQ
INFO:root:Create record 316 :Symbol-CIMMCO, Date-2020-10-20, Series-EQ
INFO:root:Create record 317 :Symbol-CINELINE, Date-2020-10-20, Series-EQ
INFO:root:Create record 318 :Symbol-CINEVISTA, Date-2020-10-20, Series-BE
INFO:root:Create record 319 :Symbol-CIPLA, Date-2020-10-20, Series-EQ
INFO:root:Create record 320 :Symbol-CKPLEISURE, Date-2020-10-20, Series-SM
INFO:root:Create record 321 :Symbol-CLEDUCATE, Date-2020-10-20, Series-BE
INFO:root:Create record 322 :Symbol-CLNINDIA, Date-2020-10-20, Series-EQ
INFO:root:Create record 323 :Symbol-CMICABLES, Date-2020-10-20, Series-EQ
INFO:root:Create record 324 :Symbol-CMMIPL, Date-2020-10-20, Series-SM
INFO:root:Create record 325 :Symbol-CNOVAPETRO, Date-2020-10-20, Series-EQ
INFO:root:Create record 326 :Symbol-COALINDIA, Date-2020-10-20, Series-EQ
INFO:root:Create record 327 :Symbol-COCHINSHIP, Date-2020-10-20, Series-EQ
INFO:root:Create record 328 :Symbol-COFORGE, Date-2020-10-20, Series-EQ
INFO:root:Create record 329 :Symbol-COLPAL, Date-2020-10-20, Series-EQ
INFO:root:Create record 330 :Symbol-COMPINFO, Date-2020-10-20, Series-EQ
INFO:root:Create record 331 :Symbol-COMPUSOFT, Date-2020-10-20, Series-EQ
INFO:root:Create record 332 :Symbol-CONCOR, Date-2020-10-20, Series-EQ
INFO:root:Create record 333 :Symbol-CONFIPET, Date-2020-10-20, Series-EQ
INFO:root:Create record 334 :Symbol-CONSOFINVT, Date-2020-10-20, Series-EQ
INFO:root:Create record 335 :Symbol-CONTROLPR, Date-2020-10-20, Series-EQ
INFO:root:Create record 336 :Symbol-CORALFINAC, Date-2020-10-20, Series-EQ
INFO:root:Create record 337 :Symbol-CORDSCABLE, Date-2020-10-20, Series-EQ
INFO:root:Create record 338 :Symbol-COROMANDEL, Date-2020-10-20, Series-EQ
INFO:root:Create record 339 :Symbol-COSMOFILMS, Date-2020-10-20, Series-EQ
INFO:root:Create record 340 :Symbol-COUNCODOS, Date-2020-10-20, Series-EQ
INFO:root:Create record 341 :Symbol-COX&KINGS, Date-2020-10-20, Series-BZ
INFO:root:Create record 342 :Symbol-CPSEETF, Date-2020-10-20, Series-EQ
INFO:root:Create record 343 :Symbol-CREATIVE, Date-2020-10-20, Series-EQ
INFO:root:Create record 344 :Symbol-CREATIVEYE, Date-2020-10-20, Series-BE
INFO:root:Create record 345 :Symbol-CREDITACC, Date-2020-10-20, Series-EQ
INFO:root:Create record 346 :Symbol-CREST, Date-2020-10-20, Series-EQ
INFO:root:Create record 347 :Symbol-CRISIL, Date-2020-10-20, Series-EQ
INFO:root:Create record 348 :Symbol-CROMPTON, Date-2020-10-20, Series-EQ
INFO:root:Create record 349 :Symbol-CSBBANK, Date-2020-10-20, Series-EQ
INFO:root:Create record 350 :Symbol-CTE, Date-2020-10-20, Series-EQ
INFO:root:Create record 351 :Symbol-CUB, Date-2020-10-20, Series-EQ
INFO:root:Create record 352 :Symbol-CUBEXTUB, Date-2020-10-20, Series-EQ
INFO:root:Create record 353 :Symbol-CUMMINSIND, Date-2020-10-20, Series-EQ
INFO:root:Create record 354 :Symbol-CUPID, Date-2020-10-20, Series-EQ
INFO:root:Create record 355 :Symbol-CYBERTECH, Date-2020-10-20, Series-EQ
INFO:root:Create record 356 :Symbol-CYIENT, Date-2020-10-20, Series-EQ
INFO:root:Create record 357 :Symbol-DAAWAT, Date-2020-10-20, Series-EQ
INFO:root:Create record 358 :Symbol-DABUR, Date-2020-10-20, Series-EQ
INFO:root:Create record 359 :Symbol-DALBHARAT, Date-2020-10-20, Series-EQ
INFO:root:Create record 360 :Symbol-DALMIASUG, Date-2020-10-20, Series-EQ
INFO:root:Create record 361 :Symbol-DAMODARIND, Date-2020-10-20, Series-EQ
INFO:root:Create record 362 :Symbol-DATAMATICS, Date-2020-10-20, Series-EQ
INFO:root:Create record 363 :Symbol-DBCORP, Date-2020-10-20, Series-EQ
INFO:root:Create record 364 :Symbol-DBL, Date-2020-10-20, Series-EQ
INFO:root:Create record 365 :Symbol-DBREALTY, Date-2020-10-20, Series-EQ
INFO:root:Create record 366 :Symbol-DBSTOCKBRO, Date-2020-10-20, Series-EQ
INFO:root:Create record 367 :Symbol-DCAL, Date-2020-10-20, Series-EQ
INFO:root:Create record 368 :Symbol-DCBBANK, Date-2020-10-20, Series-EQ
INFO:root:Create record 369 :Symbol-DCM, Date-2020-10-20, Series-EQ
INFO:root:Create record 370 :Symbol-DCMFINSERV, Date-2020-10-20, Series-BE
INFO:root:Create record 371 :Symbol-DCMNVL, Date-2020-10-20, Series-EQ
INFO:root:Create record 372 :Symbol-DCMSHRIRAM, Date-2020-10-20, Series-EQ
INFO:root:Create record 373 :Symbol-DCW, Date-2020-10-20, Series-EQ
INFO:root:Create record 374 :Symbol-DECCANCE, Date-2020-10-20, Series-EQ
INFO:root:Create record 375 :Symbol-DEEPAKFERT, Date-2020-10-20, Series-EQ
INFO:root:Create record 376 :Symbol-DEEPAKNTR, Date-2020-10-20, Series-EQ
INFO:root:Create record 377 :Symbol-DEEPENR, Date-2020-10-20, Series-EQ
INFO:root:Create record 378 :Symbol-DELTACORP, Date-2020-10-20, Series-EQ
INFO:root:Create record 379 :Symbol-DELTAMAGNT, Date-2020-10-20, Series-EQ
INFO:root:Create record 380 :Symbol-DEN, Date-2020-10-20, Series-EQ
INFO:root:Create record 381 :Symbol-DENORA, Date-2020-10-20, Series-EQ
INFO:root:Create record 382 :Symbol-DFMFOODS, Date-2020-10-20, Series-EQ
INFO:root:Create record 383 :Symbol-DGCONTENT, Date-2020-10-20, Series-BE
INFO:root:Create record 384 :Symbol-DHAMPURSUG, Date-2020-10-20, Series-EQ
INFO:root:Create record 385 :Symbol-DHANBANK, Date-2020-10-20, Series-EQ
INFO:root:Create record 386 :Symbol-DHANILOANS, Date-2020-10-20, Series-N2
INFO:root:Create record 387 :Symbol-DHANILOANS, Date-2020-10-20, Series-N5
INFO:root:Create record 388 :Symbol-DHANILOANS, Date-2020-10-20, Series-N6
INFO:root:Create record 389 :Symbol-DHANILOANS, Date-2020-10-20, Series-N8
INFO:root:Create record 390 :Symbol-DHANILOANS, Date-2020-10-20, Series-NB
INFO:root:Create record 391 :Symbol-DHANILOANS, Date-2020-10-20, Series-NE
INFO:root:Create record 392 :Symbol-DHANUKA, Date-2020-10-20, Series-EQ
INFO:root:Create record 393 :Symbol-DHARSUGAR, Date-2020-10-20, Series-EQ
INFO:root:Create record 394 :Symbol-DHFL, Date-2020-10-20, Series-EQ
INFO:root:Create record 395 :Symbol-DHFL, Date-2020-10-20, Series-N4
INFO:root:Create record 396 :Symbol-DHFL, Date-2020-10-20, Series-N6
INFO:root:Create record 397 :Symbol-DHFL, Date-2020-10-20, Series-NC
INFO:root:Create record 398 :Symbol-DHFL, Date-2020-10-20, Series-NN
INFO:root:Create record 399 :Symbol-DHFL, Date-2020-10-20, Series-NP
INFO:root:Create record 400 :Symbol-DHFL, Date-2020-10-20, Series-NQ
INFO:root:Create record 401 :Symbol-DHFL, Date-2020-10-20, Series-NS
INFO:root:Create record 402 :Symbol-DHFL, Date-2020-10-20, Series-NX
INFO:root:Create record 403 :Symbol-DHFL, Date-2020-10-20, Series-NY
INFO:root:Create record 404 :Symbol-DHUNINV, Date-2020-10-20, Series-EQ
INFO:root:Create record 405 :Symbol-DIAMONDYD, Date-2020-10-20, Series-EQ
INFO:root:Create record 406 :Symbol-DIAPOWER, Date-2020-10-20, Series-BZ
INFO:root:Create record 407 :Symbol-DICIND, Date-2020-10-20, Series-EQ
INFO:root:Create record 408 :Symbol-DIGISPICE, Date-2020-10-20, Series-EQ
INFO:root:Create record 409 :Symbol-DIGJAMLTD, Date-2020-10-20, Series-BZ
INFO:root:Create record 410 :Symbol-DISHTV, Date-2020-10-20, Series-EQ
INFO:root:Create record 411 :Symbol-DIVISLAB, Date-2020-10-20, Series-EQ
INFO:root:Create record 412 :Symbol-DIXON, Date-2020-10-20, Series-EQ
INFO:root:Create record 413 :Symbol-DLF, Date-2020-10-20, Series-EQ
INFO:root:Create record 414 :Symbol-DLINKINDIA, Date-2020-10-20, Series-EQ
INFO:root:Create record 415 :Symbol-DMART, Date-2020-10-20, Series-EQ
INFO:root:Create record 416 :Symbol-DOLAT, Date-2020-10-20, Series-EQ
INFO:root:Create record 417 :Symbol-DOLLAR, Date-2020-10-20, Series-EQ
INFO:root:Create record 418 :Symbol-DONEAR, Date-2020-10-20, Series-EQ
INFO:root:Create record 419 :Symbol-DPABHUSHAN, Date-2020-10-20, Series-SM
INFO:root:Create record 420 :Symbol-DPSCLTD, Date-2020-10-20, Series-EQ
INFO:root:Create record 421 :Symbol-DPWIRES, Date-2020-10-20, Series-EQ
INFO:root:Create record 422 :Symbol-DQE, Date-2020-10-20, Series-EQ
INFO:root:Create record 423 :Symbol-DREDGECORP, Date-2020-10-20, Series-EQ
INFO:root:Create record 424 :Symbol-DRREDDY, Date-2020-10-20, Series-EQ
INFO:root:Create record 425 :Symbol-DRSDILIP, Date-2020-10-20, Series-SM
INFO:root:Create record 426 :Symbol-DSML, Date-2020-10-20, Series-SM
INFO:root:Create record 427 :Symbol-DSSL, Date-2020-10-20, Series-EQ
INFO:root:Create record 428 :Symbol-DTIL, Date-2020-10-20, Series-EQ
INFO:root:Create record 429 :Symbol-DUCON, Date-2020-10-20, Series-EQ
INFO:root:Create record 430 :Symbol-DVL, Date-2020-10-20, Series-BE
INFO:root:Create record 431 :Symbol-DWARKESH, Date-2020-10-20, Series-EQ
INFO:root:Create record 432 :Symbol-DYNAMATECH, Date-2020-10-20, Series-EQ
INFO:root:Create record 433 :Symbol-DYNPRO, Date-2020-10-20, Series-EQ
INFO:root:Create record 434 :Symbol-E2E, Date-2020-10-20, Series-SM
INFO:root:Create record 435 :Symbol-EASUNREYRL, Date-2020-10-20, Series-BZ
INFO:root:Create record 436 :Symbol-EBANK, Date-2020-10-20, Series-EQ
INFO:root:Create record 437 :Symbol-EBBETF0423, Date-2020-10-20, Series-EQ
INFO:root:Create record 438 :Symbol-EBBETF0425, Date-2020-10-20, Series-EQ
INFO:root:Create record 439 :Symbol-EBBETF0430, Date-2020-10-20, Series-EQ
INFO:root:Create record 440 :Symbol-EBBETF0431, Date-2020-10-20, Series-EQ
INFO:root:Create record 441 :Symbol-EBIXFOREX, Date-2020-10-20, Series-EQ
INFO:root:Create record 442 :Symbol-ECLERX, Date-2020-10-20, Series-EQ
INFO:root:Create record 443 :Symbol-ECLFINANCE, Date-2020-10-20, Series-NE
INFO:root:Create record 444 :Symbol-ECLFINANCE, Date-2020-10-20, Series-NF
INFO:root:Create record 445 :Symbol-ECLFINANCE, Date-2020-10-20, Series-NH
INFO:root:Create record 446 :Symbol-ECLFINANCE, Date-2020-10-20, Series-NI
INFO:root:Create record 447 :Symbol-ECLFINANCE, Date-2020-10-20, Series-NJ
INFO:root:Create record 448 :Symbol-ECLFINANCE, Date-2020-10-20, Series-NK
INFO:root:Create record 449 :Symbol-ECLFINANCE, Date-2020-10-20, Series-NM
INFO:root:Create record 450 :Symbol-ECLFINANCE, Date-2020-10-20, Series-NN
INFO:root:Create record 451 :Symbol-ECLFINANCE, Date-2020-10-20, Series-NO
INFO:root:Create record 452 :Symbol-ECLFINANCE, Date-2020-10-20, Series-NP
INFO:root:Create record 453 :Symbol-ECLFINANCE, Date-2020-10-20, Series-NR
INFO:root:Create record 454 :Symbol-ECLFINANCE, Date-2020-10-20, Series-NS
INFO:root:Create record 455 :Symbol-EDELWEISS, Date-2020-10-20, Series-EQ
INFO:root:Create record 456 :Symbol-EDUCOMP, Date-2020-10-20, Series-BZ
INFO:root:Create record 457 :Symbol-EHFLNCD, Date-2020-10-20, Series-N5
INFO:root:Create record 458 :Symbol-EHFLNCD, Date-2020-10-20, Series-N6
INFO:root:Create record 459 :Symbol-EICHERMOT, Date-2020-10-20, Series-EQ
INFO:root:Create record 460 :Symbol-EIDPARRY, Date-2020-10-20, Series-EQ
INFO:root:Create record 461 :Symbol-EIFFL, Date-2020-10-20, Series-SM
INFO:root:Create record 462 :Symbol-EIHAHOTELS, Date-2020-10-20, Series-EQ
INFO:root:Create record 463 :Symbol-EIHOTEL, Date-2020-10-20, Series-EQ
INFO:root:Create record 464 :Symbol-EIMCOELECO, Date-2020-10-20, Series-EQ
INFO:root:Create record 465 :Symbol-EKC, Date-2020-10-20, Series-BE
INFO:root:Create record 466 :Symbol-ELECON, Date-2020-10-20, Series-EQ
INFO:root:Create record 467 :Symbol-ELECTCAST, Date-2020-10-20, Series-EQ
INFO:root:Create record 468 :Symbol-ELECTHERM, Date-2020-10-20, Series-EQ
INFO:root:Create record 469 :Symbol-ELGIEQUIP, Date-2020-10-20, Series-EQ
INFO:root:Create record 470 :Symbol-ELGIRUBCO, Date-2020-10-20, Series-EQ
INFO:root:Create record 471 :Symbol-EMAMILTD, Date-2020-10-20, Series-EQ
INFO:root:Create record 472 :Symbol-EMAMIPAP, Date-2020-10-20, Series-EQ
INFO:root:Create record 473 :Symbol-EMAMIREAL, Date-2020-10-20, Series-BE
INFO:root:Create record 474 :Symbol-EMBASSY, Date-2020-10-20, Series-RR
INFO:root:Create record 475 :Symbol-EMCO, Date-2020-10-20, Series-BZ
INFO:root:Create record 476 :Symbol-EMKAY, Date-2020-10-20, Series-EQ
INFO:root:Create record 477 :Symbol-EMMBI, Date-2020-10-20, Series-EQ
INFO:root:Create record 478 :Symbol-EMOFSR1RDP, Date-2020-10-20, Series-MF
INFO:root:Create record 479 :Symbol-EMOFSR1RGG, Date-2020-10-20, Series-MF
INFO:root:Create record 480 :Symbol-ENDURANCE, Date-2020-10-20, Series-EQ
INFO:root:Create record 481 :Symbol-ENERGYDEV, Date-2020-10-20, Series-EQ
INFO:root:Create record 482 :Symbol-ENGINERSIN, Date-2020-10-20, Series-EQ
INFO:root:Create record 483 :Symbol-ENIL, Date-2020-10-20, Series-EQ
INFO:root:Create record 484 :Symbol-EPL, Date-2020-10-20, Series-EQ
INFO:root:Create record 485 :Symbol-EQ30, Date-2020-10-20, Series-EQ
INFO:root:Create record 486 :Symbol-EQUITAS, Date-2020-10-20, Series-EQ
INFO:root:Create record 487 :Symbol-ERFLNCDI, Date-2020-10-20, Series-N1
INFO:root:Create record 488 :Symbol-ERFLNCDI, Date-2020-10-20, Series-N2
INFO:root:Create record 489 :Symbol-ERFLNCDI, Date-2020-10-20, Series-N4
INFO:root:Create record 490 :Symbol-ERFLNCDI, Date-2020-10-20, Series-N5
INFO:root:Create record 491 :Symbol-ERFLNCDI, Date-2020-10-20, Series-N6
INFO:root:Create record 492 :Symbol-ERIS, Date-2020-10-20, Series-EQ
INFO:root:Create record 493 :Symbol-EROSMEDIA, Date-2020-10-20, Series-BE
INFO:root:Create record 494 :Symbol-ESABINDIA, Date-2020-10-20, Series-EQ
INFO:root:Create record 495 :Symbol-ESCORTS, Date-2020-10-20, Series-EQ
INFO:root:Create record 496 :Symbol-ESSARSHPNG, Date-2020-10-20, Series-BE
INFO:root:Create record 497 :Symbol-ESTER, Date-2020-10-20, Series-EQ
INFO:root:Create record 498 :Symbol-EUROMULTI, Date-2020-10-20, Series-BE
INFO:root:Create record 499 :Symbol-EVEREADY, Date-2020-10-20, Series-EQ
INFO:root:Create record 500 :Symbol-EVERESTIND, Date-2020-10-20, Series-EQ
INFO:root:Create record 501 :Symbol-EXCEL, Date-2020-10-20, Series-EQ
INFO:root:Create record 502 :Symbol-EXCELINDUS, Date-2020-10-20, Series-EQ
INFO:root:Create record 503 :Symbol-EXIDEIND, Date-2020-10-20, Series-EQ
INFO:root:Create record 504 :Symbol-EXPLEOSOL, Date-2020-10-20, Series-EQ
INFO:root:Create record 505 :Symbol-FACT, Date-2020-10-20, Series-EQ
INFO:root:Create record 506 :Symbol-FCL, Date-2020-10-20, Series-EQ
INFO:root:Create record 507 :Symbol-FCONSUMER, Date-2020-10-20, Series-EQ
INFO:root:Create record 508 :Symbol-FCSSOFT, Date-2020-10-20, Series-EQ
INFO:root:Create record 509 :Symbol-FDC, Date-2020-10-20, Series-EQ
INFO:root:Create record 510 :Symbol-FEDERALBNK, Date-2020-10-20, Series-EQ
INFO:root:Create record 511 :Symbol-FEL, Date-2020-10-20, Series-EQ
INFO:root:Create record 512 :Symbol-FELDVR, Date-2020-10-20, Series-EQ
INFO:root:Create record 513 :Symbol-FELIX, Date-2020-10-20, Series-SM
INFO:root:Create record 514 :Symbol-FICRF2GPD, Date-2020-10-20, Series-MF
INFO:root:Create record 515 :Symbol-FIEMIND, Date-2020-10-20, Series-EQ
INFO:root:Create record 516 :Symbol-FILATEX, Date-2020-10-20, Series-EQ
INFO:root:Create record 517 :Symbol-FINCABLES, Date-2020-10-20, Series-EQ
INFO:root:Create record 518 :Symbol-FINEORG, Date-2020-10-20, Series-EQ
INFO:root:Create record 519 :Symbol-FINPIPE, Date-2020-10-20, Series-EQ
INFO:root:Create record 520 :Symbol-FLEXITUFF, Date-2020-10-20, Series-BE
INFO:root:Create record 521 :Symbol-FLFL, Date-2020-10-20, Series-EQ
INFO:root:Create record 522 :Symbol-FLUOROCHEM, Date-2020-10-20, Series-EQ
INFO:root:Create record 523 :Symbol-FMGOETZE, Date-2020-10-20, Series-EQ
INFO:root:Create record 524 :Symbol-FMNL, Date-2020-10-20, Series-EQ
INFO:root:Create record 525 :Symbol-FORCEMOT, Date-2020-10-20, Series-EQ
INFO:root:Create record 526 :Symbol-FORTIS, Date-2020-10-20, Series-EQ
INFO:root:Create record 527 :Symbol-FOSECOIND, Date-2020-10-20, Series-EQ
INFO:root:Create record 528 :Symbol-FRETAIL, Date-2020-10-20, Series-EQ
INFO:root:Create record 529 :Symbol-FSC, Date-2020-10-20, Series-EQ
INFO:root:Create record 530 :Symbol-FSL, Date-2020-10-20, Series-EQ
INFO:root:Create record 531 :Symbol-GABRIEL, Date-2020-10-20, Series-EQ
INFO:root:Create record 532 :Symbol-GAEL, Date-2020-10-20, Series-EQ
INFO:root:Create record 533 :Symbol-GAIL, Date-2020-10-20, Series-EQ
INFO:root:Create record 534 :Symbol-GAL, Date-2020-10-20, Series-BE
INFO:root:Create record 535 :Symbol-GALAXYSURF, Date-2020-10-20, Series-EQ
INFO:root:Create record 536 :Symbol-GALLANTT, Date-2020-10-20, Series-EQ
INFO:root:Create record 537 :Symbol-GALLISPAT, Date-2020-10-20, Series-EQ
INFO:root:Create record 538 :Symbol-GAMMNINFRA, Date-2020-10-20, Series-EQ
INFO:root:Create record 539 :Symbol-GANDHITUBE, Date-2020-10-20, Series-EQ
INFO:root:Create record 540 :Symbol-GANECOS, Date-2020-10-20, Series-EQ
INFO:root:Create record 541 :Symbol-GANESHHOUC, Date-2020-10-20, Series-EQ
INFO:root:Create record 542 :Symbol-GANGAFORGE, Date-2020-10-20, Series-SM
INFO:root:Create record 543 :Symbol-GANGESSECU, Date-2020-10-20, Series-EQ
INFO:root:Create record 544 :Symbol-GARDENSILK, Date-2020-10-20, Series-BE
INFO:root:Create record 545 :Symbol-GARFIBRES, Date-2020-10-20, Series-EQ
INFO:root:Create record 546 :Symbol-GATI, Date-2020-10-20, Series-EQ
INFO:root:Create record 547 :Symbol-GAYAHWS, Date-2020-10-20, Series-BE
INFO:root:Create record 548 :Symbol-GAYAPROJ, Date-2020-10-20, Series-EQ
INFO:root:Create record 549 :Symbol-GDL, Date-2020-10-20, Series-EQ
INFO:root:Create record 550 :Symbol-GEECEE, Date-2020-10-20, Series-EQ
INFO:root:Create record 551 :Symbol-GEEKAYWIRE, Date-2020-10-20, Series-BE
INFO:root:Create record 552 :Symbol-GENESYS, Date-2020-10-20, Series-BE
INFO:root:Create record 553 :Symbol-GENUSPAPER, Date-2020-10-20, Series-EQ
INFO:root:Create record 554 :Symbol-GENUSPOWER, Date-2020-10-20, Series-EQ
INFO:root:Create record 555 :Symbol-GEOJITFSL, Date-2020-10-20, Series-EQ
INFO:root:Create record 556 :Symbol-GEPIL, Date-2020-10-20, Series-EQ
INFO:root:Create record 557 :Symbol-GESHIP, Date-2020-10-20, Series-EQ
INFO:root:Create record 558 :Symbol-GET&D, Date-2020-10-20, Series-EQ
INFO:root:Create record 559 :Symbol-GFLLIMITED, Date-2020-10-20, Series-EQ
INFO:root:Create record 560 :Symbol-GHCL, Date-2020-10-20, Series-EQ
INFO:root:Create record 561 :Symbol-GICHSGFIN, Date-2020-10-20, Series-EQ
INFO:root:Create record 562 :Symbol-GICRE, Date-2020-10-20, Series-EQ
INFO:root:Create record 563 :Symbol-GILLANDERS, Date-2020-10-20, Series-EQ
INFO:root:Create record 564 :Symbol-GILLETTE, Date-2020-10-20, Series-EQ
INFO:root:Create record 565 :Symbol-GINNIFILA, Date-2020-10-20, Series-EQ
INFO:root:Create record 566 :Symbol-GIPCL, Date-2020-10-20, Series-EQ
INFO:root:Create record 567 :Symbol-GKWLIMITED, Date-2020-10-20, Series-EQ
INFO:root:Create record 568 :Symbol-GLAXO, Date-2020-10-20, Series-EQ
INFO:root:Create record 569 :Symbol-GLENMARK, Date-2020-10-20, Series-EQ
INFO:root:Create record 570 :Symbol-GLFL, Date-2020-10-20, Series-EQ
INFO:root:Create record 571 :Symbol-GLOBAL, Date-2020-10-20, Series-SM
INFO:root:Create record 572 :Symbol-GLOBALVECT, Date-2020-10-20, Series-EQ
INFO:root:Create record 573 :Symbol-GLOBE, Date-2020-10-20, Series-EQ
INFO:root:Create record 574 :Symbol-GLOBUSSPR, Date-2020-10-20, Series-EQ
INFO:root:Create record 575 :Symbol-GMBREW, Date-2020-10-20, Series-EQ
INFO:root:Create record 576 :Symbol-GMDCLTD, Date-2020-10-20, Series-EQ
INFO:root:Create record 577 :Symbol-GMMPFAUDLR, Date-2020-10-20, Series-EQ
INFO:root:Create record 578 :Symbol-GMRINFRA, Date-2020-10-20, Series-EQ
INFO:root:Create record 579 :Symbol-GNA, Date-2020-10-20, Series-EQ
INFO:root:Create record 580 :Symbol-GNFC, Date-2020-10-20, Series-EQ
INFO:root:Create record 581 :Symbol-GOACARBON, Date-2020-10-20, Series-EQ
INFO:root:Create record 582 :Symbol-GOCLCORP, Date-2020-10-20, Series-EQ
INFO:root:Create record 583 :Symbol-GODFRYPHLP, Date-2020-10-20, Series-EQ
INFO:root:Create record 584 :Symbol-GODHA, Date-2020-10-20, Series-SM
INFO:root:Create record 585 :Symbol-GODREJAGRO, Date-2020-10-20, Series-EQ
INFO:root:Create record 586 :Symbol-GODREJCP, Date-2020-10-20, Series-EQ
INFO:root:Create record 587 :Symbol-GODREJIND, Date-2020-10-20, Series-EQ
INFO:root:Create record 588 :Symbol-GODREJPROP, Date-2020-10-20, Series-EQ
INFO:root:Create record 589 :Symbol-GOENKA, Date-2020-10-20, Series-BZ
INFO:root:Create record 590 :Symbol-GOKEX, Date-2020-10-20, Series-EQ
INFO:root:Create record 591 :Symbol-GOKUL, Date-2020-10-20, Series-EQ
INFO:root:Create record 592 :Symbol-GOKULAGRO, Date-2020-10-20, Series-EQ
INFO:root:Create record 593 :Symbol-GOLDBEES, Date-2020-10-20, Series-EQ
INFO:root:Create record 594 :Symbol-GOLDENTOBC, Date-2020-10-20, Series-EQ
INFO:root:Create record 595 :Symbol-GOLDIAM, Date-2020-10-20, Series-EQ
INFO:root:Create record 596 :Symbol-GOLDSHARE, Date-2020-10-20, Series-EQ
INFO:root:Create record 597 :Symbol-GOLDTECH, Date-2020-10-20, Series-BE
INFO:root:Create record 598 :Symbol-GOODLUCK, Date-2020-10-20, Series-EQ
INFO:root:Create record 599 :Symbol-GOODYEAR, Date-2020-10-20, Series-EQ
INFO:root:Create record 600 :Symbol-GPIL, Date-2020-10-20, Series-EQ
INFO:root:Create record 601 :Symbol-GPPL, Date-2020-10-20, Series-EQ
INFO:root:Create record 602 :Symbol-GPTINFRA, Date-2020-10-20, Series-EQ
INFO:root:Create record 603 :Symbol-GRANULES, Date-2020-10-20, Series-EQ
INFO:root:Create record 604 :Symbol-GRAPHITE, Date-2020-10-20, Series-EQ
INFO:root:Create record 605 :Symbol-GRASIM, Date-2020-10-20, Series-EQ
INFO:root:Create record 606 :Symbol-GRAVITA, Date-2020-10-20, Series-EQ
INFO:root:Create record 607 :Symbol-GREAVESCOT, Date-2020-10-20, Series-EQ
INFO:root:Create record 608 :Symbol-GREENLAM, Date-2020-10-20, Series-EQ
INFO:root:Create record 609 :Symbol-GREENPANEL, Date-2020-10-20, Series-EQ
INFO:root:Create record 610 :Symbol-GREENPLY, Date-2020-10-20, Series-EQ
INFO:root:Create record 611 :Symbol-GREENPOWER, Date-2020-10-20, Series-EQ
INFO:root:Create record 612 :Symbol-GRINDWELL, Date-2020-10-20, Series-EQ
INFO:root:Create record 613 :Symbol-GROBTEA, Date-2020-10-20, Series-BE
INFO:root:Create record 614 :Symbol-GRPLTD, Date-2020-10-20, Series-EQ
INFO:root:Create record 615 :Symbol-GRSE, Date-2020-10-20, Series-EQ
INFO:root:Create record 616 :Symbol-GSCLCEMENT, Date-2020-10-20, Series-EQ
INFO:root:Create record 617 :Symbol-GSFC, Date-2020-10-20, Series-EQ
INFO:root:Create record 618 :Symbol-GSPL, Date-2020-10-20, Series-EQ
INFO:root:Create record 619 :Symbol-GSS, Date-2020-10-20, Series-EQ
INFO:root:Create record 620 :Symbol-GTL, Date-2020-10-20, Series-EQ
INFO:root:Create record 621 :Symbol-GTLINFRA, Date-2020-10-20, Series-EQ
INFO:root:Create record 622 :Symbol-GTNIND, Date-2020-10-20, Series-EQ
INFO:root:Create record 623 :Symbol-GTPL, Date-2020-10-20, Series-EQ
INFO:root:Create record 624 :Symbol-GUFICBIO, Date-2020-10-20, Series-EQ
INFO:root:Create record 625 :Symbol-GUJALKALI, Date-2020-10-20, Series-EQ
INFO:root:Create record 626 :Symbol-GUJAPOLLO, Date-2020-10-20, Series-EQ
INFO:root:Create record 627 :Symbol-GUJGASLTD, Date-2020-10-20, Series-EQ
INFO:root:Create record 628 :Symbol-GUJRAFFIA, Date-2020-10-20, Series-BE
INFO:root:Create record 629 :Symbol-GULFOILLUB, Date-2020-10-20, Series-EQ
INFO:root:Create record 630 :Symbol-GULFPETRO, Date-2020-10-20, Series-EQ
INFO:root:Create record 631 :Symbol-GULPOLY, Date-2020-10-20, Series-EQ
INFO:root:Create record 632 :Symbol-GVKPIL, Date-2020-10-20, Series-EQ
INFO:root:Create record 633 :Symbol-HAL, Date-2020-10-20, Series-EQ
INFO:root:Create record 634 :Symbol-HAPPSTMNDS, Date-2020-10-20, Series-EQ
INFO:root:Create record 635 :Symbol-HARITASEAT, Date-2020-10-20, Series-EQ
INFO:root:Create record 636 :Symbol-HARRMALAYA, Date-2020-10-20, Series-EQ
INFO:root:Create record 637 :Symbol-HATHWAY, Date-2020-10-20, Series-BE
INFO:root:Create record 638 :Symbol-HATSUN, Date-2020-10-20, Series-EQ
INFO:root:Create record 639 :Symbol-HAVELLS, Date-2020-10-20, Series-EQ
INFO:root:Create record 640 :Symbol-HAVISHA, Date-2020-10-20, Series-BE
INFO:root:Create record 641 :Symbol-HBANKETF, Date-2020-10-20, Series-EQ
INFO:root:Create record 642 :Symbol-HBLPOWER, Date-2020-10-20, Series-EQ
INFO:root:Create record 643 :Symbol-HCC, Date-2020-10-20, Series-EQ
INFO:root:Create record 644 :Symbol-HCG, Date-2020-10-20, Series-EQ
INFO:root:Create record 645 :Symbol-HCL-INSYS, Date-2020-10-20, Series-EQ
INFO:root:Create record 646 :Symbol-HCLTECH, Date-2020-10-20, Series-EQ
INFO:root:Create record 647 :Symbol-HDFC, Date-2020-10-20, Series-EQ
INFO:root:Create record 648 :Symbol-HDFC, Date-2020-10-20, Series-W3
INFO:root:Create record 649 :Symbol-HDFCAMC, Date-2020-10-20, Series-EQ
INFO:root:Create record 650 :Symbol-HDFCBANK, Date-2020-10-20, Series-EQ
INFO:root:Create record 651 :Symbol-HDFCLIFE, Date-2020-10-20, Series-EQ
INFO:root:Create record 652 :Symbol-HDFCMFGETF, Date-2020-10-20, Series-EQ
INFO:root:Create record 653 :Symbol-HDFCNIFETF, Date-2020-10-20, Series-EQ
INFO:root:Create record 654 :Symbol-HDFCSENETF, Date-2020-10-20, Series-EQ
INFO:root:Create record 655 :Symbol-HDIL, Date-2020-10-20, Series-BZ
INFO:root:Create record 656 :Symbol-HEG, Date-2020-10-20, Series-EQ
INFO:root:Create record 657 :Symbol-HEIDELBERG, Date-2020-10-20, Series-EQ
INFO:root:Create record 658 :Symbol-HERCULES, Date-2020-10-20, Series-EQ
INFO:root:Create record 659 :Symbol-HERITGFOOD, Date-2020-10-20, Series-EQ
INFO:root:Create record 660 :Symbol-HEROMOTOCO, Date-2020-10-20, Series-EQ
INFO:root:Create record 661 :Symbol-HESTERBIO, Date-2020-10-20, Series-EQ
INFO:root:Create record 662 :Symbol-HEXATRADEX, Date-2020-10-20, Series-BE
INFO:root:Create record 663 :Symbol-HEXAWARE, Date-2020-10-20, Series-EQ
INFO:root:Create record 664 :Symbol-HFCL, Date-2020-10-20, Series-EQ
INFO:root:Create record 665 :Symbol-HGINFRA, Date-2020-10-20, Series-EQ
INFO:root:Create record 666 :Symbol-HGS, Date-2020-10-20, Series-EQ
INFO:root:Create record 667 :Symbol-HHOF1140RG, Date-2020-10-20, Series-MF
INFO:root:Create record 668 :Symbol-HIKAL, Date-2020-10-20, Series-EQ
INFO:root:Create record 669 :Symbol-HIL, Date-2020-10-20, Series-EQ
INFO:root:Create record 670 :Symbol-HILTON, Date-2020-10-20, Series-EQ
INFO:root:Create record 671 :Symbol-HIMATSEIDE, Date-2020-10-20, Series-EQ
INFO:root:Create record 672 :Symbol-HINDALCO, Date-2020-10-20, Series-EQ
INFO:root:Create record 673 :Symbol-HINDCOMPOS, Date-2020-10-20, Series-EQ
INFO:root:Create record 674 :Symbol-HINDCON, Date-2020-10-20, Series-SM
INFO:root:Create record 675 :Symbol-HINDCOPPER, Date-2020-10-20, Series-EQ
INFO:root:Create record 676 :Symbol-HINDMOTORS, Date-2020-10-20, Series-EQ
INFO:root:Create record 677 :Symbol-HINDNATGLS, Date-2020-10-20, Series-EQ
INFO:root:Create record 678 :Symbol-HINDOILEXP, Date-2020-10-20, Series-EQ
INFO:root:Create record 679 :Symbol-HINDPETRO, Date-2020-10-20, Series-EQ
INFO:root:Create record 680 :Symbol-HINDUNILVR, Date-2020-10-20, Series-EQ
INFO:root:Create record 681 :Symbol-HINDZINC, Date-2020-10-20, Series-EQ
INFO:root:Create record 682 :Symbol-HIRECT, Date-2020-10-20, Series-EQ
INFO:root:Create record 683 :Symbol-HISARMETAL, Date-2020-10-20, Series-EQ
INFO:root:Create record 684 :Symbol-HITECH, Date-2020-10-20, Series-EQ
INFO:root:Create record 685 :Symbol-HITECHCORP, Date-2020-10-20, Series-BE
INFO:root:Create record 686 :Symbol-HITECHGEAR, Date-2020-10-20, Series-EQ
INFO:root:Create record 687 :Symbol-HLVLTD, Date-2020-10-20, Series-EQ
INFO:root:Create record 688 :Symbol-HMT, Date-2020-10-20, Series-BZ
INFO:root:Create record 689 :Symbol-HMVL, Date-2020-10-20, Series-EQ
INFO:root:Create record 690 :Symbol-HNDFDS, Date-2020-10-20, Series-EQ
INFO:root:Create record 691 :Symbol-HNGSNGBEES, Date-2020-10-20, Series-EQ
INFO:root:Create record 692 :Symbol-HONAUT, Date-2020-10-20, Series-EQ
INFO:root:Create record 693 :Symbol-HONDAPOWER, Date-2020-10-20, Series-EQ
INFO:root:Create record 694 :Symbol-HOVS, Date-2020-10-20, Series-EQ
INFO:root:Create record 695 :Symbol-HPL, Date-2020-10-20, Series-EQ
INFO:root:Create record 696 :Symbol-HSCL, Date-2020-10-20, Series-EQ
INFO:root:Create record 697 :Symbol-HSIL, Date-2020-10-20, Series-EQ
INFO:root:Create record 698 :Symbol-HTMEDIA, Date-2020-10-20, Series-BE
INFO:root:Create record 699 :Symbol-HUBTOWN, Date-2020-10-20, Series-EQ
INFO:root:Create record 700 :Symbol-HUDCO, Date-2020-10-20, Series-EQ
INFO:root:Create record 701 :Symbol-HUDCO, Date-2020-10-20, Series-N2
INFO:root:Create record 702 :Symbol-HUDCO, Date-2020-10-20, Series-N3
INFO:root:Create record 703 :Symbol-HUDCO, Date-2020-10-20, Series-N4
INFO:root:Create record 704 :Symbol-HUDCO, Date-2020-10-20, Series-N5
INFO:root:Create record 705 :Symbol-HUDCO, Date-2020-10-20, Series-N8
INFO:root:Create record 706 :Symbol-HUDCO, Date-2020-10-20, Series-N9
INFO:root:Create record 707 :Symbol-HUDCO, Date-2020-10-20, Series-ND
INFO:root:Create record 708 :Symbol-HUDCO, Date-2020-10-20, Series-NE
INFO:root:Create record 709 :Symbol-HUSYSLTD, Date-2020-10-20, Series-SM
INFO:root:Create record 710 :Symbol-IBMFNIFTY, Date-2020-10-20, Series-EQ
INFO:root:Create record 711 :Symbol-IBREALEST, Date-2020-10-20, Series-EQ
INFO:root:Create record 712 :Symbol-IBULHSGFIN, Date-2020-10-20, Series-EQ
INFO:root:Create record 713 :Symbol-IBULHSGFIN, Date-2020-10-20, Series-NA
INFO:root:Create record 714 :Symbol-IBULISL, Date-2020-10-20, Series-EQ
INFO:root:Create record 715 :Symbol-IBVENTPP, Date-2020-10-20, Series-E1
INFO:root:Create record 716 :Symbol-IBVENTURES, Date-2020-10-20, Series-EQ
INFO:root:Create record 717 :Symbol-ICEMAKE, Date-2020-10-20, Series-EQ
INFO:root:Create record 718 :Symbol-ICICI500, Date-2020-10-20, Series-EQ
INFO:root:Create record 719 :Symbol-ICICIALPLV, Date-2020-10-20, Series-EQ
INFO:root:Create record 720 :Symbol-ICICIB22, Date-2020-10-20, Series-EQ
INFO:root:Create record 721 :Symbol-ICICIBANK, Date-2020-10-20, Series-EQ
INFO:root:Create record 722 :Symbol-ICICIBANKN, Date-2020-10-20, Series-EQ
INFO:root:Create record 723 :Symbol-ICICIBANKP, Date-2020-10-20, Series-EQ
INFO:root:Create record 724 :Symbol-ICICIGI, Date-2020-10-20, Series-EQ
INFO:root:Create record 725 :Symbol-ICICIGOLD, Date-2020-10-20, Series-EQ
INFO:root:Create record 726 :Symbol-ICICILIQ, Date-2020-10-20, Series-EQ
INFO:root:Create record 727 :Symbol-ICICILOVOL, Date-2020-10-20, Series-EQ
INFO:root:Create record 728 :Symbol-ICICIM150, Date-2020-10-20, Series-EQ
INFO:root:Create record 729 :Symbol-ICICIMCAP, Date-2020-10-20, Series-EQ
INFO:root:Create record 730 :Symbol-ICICINF100, Date-2020-10-20, Series-EQ
INFO:root:Create record 731 :Symbol-ICICINIFTY, Date-2020-10-20, Series-EQ
INFO:root:Create record 732 :Symbol-ICICINV20, Date-2020-10-20, Series-EQ
INFO:root:Create record 733 :Symbol-ICICINXT50, Date-2020-10-20, Series-EQ
INFO:root:Create record 734 :Symbol-ICICIPRULI, Date-2020-10-20, Series-EQ
INFO:root:Create record 735 :Symbol-ICICISENSX, Date-2020-10-20, Series-EQ
INFO:root:Create record 736 :Symbol-ICICITECH, Date-2020-10-20, Series-EQ
INFO:root:Create record 737 :Symbol-ICIL, Date-2020-10-20, Series-EQ
INFO:root:Create record 738 :Symbol-ICRA, Date-2020-10-20, Series-EQ
INFO:root:Create record 739 :Symbol-IDBI, Date-2020-10-20, Series-EQ
INFO:root:Create record 740 :Symbol-IDBIGOLD, Date-2020-10-20, Series-EQ
INFO:root:Create record 741 :Symbol-IDEA, Date-2020-10-20, Series-EQ
INFO:root:Create record 742 :Symbol-IDFC, Date-2020-10-20, Series-EQ
INFO:root:Create record 743 :Symbol-IDFCFIRSTB, Date-2020-10-20, Series-EQ
INFO:root:Create record 744 :Symbol-IDFCFIRSTB, Date-2020-10-20, Series-N1
INFO:root:Create record 745 :Symbol-IDFCFIRSTB, Date-2020-10-20, Series-N2
INFO:root:Create record 746 :Symbol-IDFCFIRSTB, Date-2020-10-20, Series-N4
INFO:root:Create record 747 :Symbol-IDFCFIRSTB, Date-2020-10-20, Series-N5
INFO:root:Create record 748 :Symbol-IDFCFIRSTB, Date-2020-10-20, Series-N8
INFO:root:Create record 749 :Symbol-IDFCFIRSTB, Date-2020-10-20, Series-N9
INFO:root:Create record 750 :Symbol-IDFCFIRSTB, Date-2020-10-20, Series-NA
INFO:root:Create record 751 :Symbol-IDFCFIRSTB, Date-2020-10-20, Series-NB
INFO:root:Create record 752 :Symbol-IDFCFIRSTB, Date-2020-10-20, Series-NC
INFO:root:Create record 753 :Symbol-IDFNIFTYET, Date-2020-10-20, Series-EQ
INFO:root:Create record 754 :Symbol-IEX, Date-2020-10-20, Series-EQ
INFO:root:Create record 755 :Symbol-IFBAGRO, Date-2020-10-20, Series-EQ
INFO:root:Create record 756 :Symbol-IFBIND, Date-2020-10-20, Series-EQ
INFO:root:Create record 757 :Symbol-IFCI, Date-2020-10-20, Series-EQ
INFO:root:Create record 758 :Symbol-IFCI, Date-2020-10-20, Series-NF
INFO:root:Create record 759 :Symbol-IFCI, Date-2020-10-20, Series-NH
INFO:root:Create record 760 :Symbol-IFCI, Date-2020-10-20, Series-NL
INFO:root:Create record 761 :Symbol-IFGLEXPOR, Date-2020-10-20, Series-EQ
INFO:root:Create record 762 :Symbol-IGARASHI, Date-2020-10-20, Series-EQ
INFO:root:Create record 763 :Symbol-IGL, Date-2020-10-20, Series-EQ
INFO:root:Create record 764 :Symbol-IGPL, Date-2020-10-20, Series-EQ
INFO:root:Create record 765 :Symbol-IIFCL, Date-2020-10-20, Series-N4
INFO:root:Create record 766 :Symbol-IIFL, Date-2020-10-20, Series-EQ
INFO:root:Create record 767 :Symbol-IIFL, Date-2020-10-20, Series-N2
INFO:root:Create record 768 :Symbol-IIFL, Date-2020-10-20, Series-N3
INFO:root:Create record 769 :Symbol-IIFL, Date-2020-10-20, Series-N4
INFO:root:Create record 770 :Symbol-IIFL, Date-2020-10-20, Series-N5
INFO:root:Create record 771 :Symbol-IIFL, Date-2020-10-20, Series-N6
INFO:root:Create record 772 :Symbol-IIFL, Date-2020-10-20, Series-N8
INFO:root:Create record 773 :Symbol-IIFLSEC, Date-2020-10-20, Series-EQ
INFO:root:Create record 774 :Symbol-IIFLWAM, Date-2020-10-20, Series-EQ
INFO:root:Create record 775 :Symbol-IITL, Date-2020-10-20, Series-BE
INFO:root:Create record 776 :Symbol-IL&FSENGG, Date-2020-10-20, Series-BZ
INFO:root:Create record 777 :Symbol-IL&FSTRANS, Date-2020-10-20, Series-BZ
INFO:root:Create record 778 :Symbol-IMAGICAA, Date-2020-10-20, Series-EQ
INFO:root:Create record 779 :Symbol-IMFA, Date-2020-10-20, Series-EQ
INFO:root:Create record 780 :Symbol-IMPAL, Date-2020-10-20, Series-EQ
INFO:root:Create record 781 :Symbol-IMPEXFERRO, Date-2020-10-20, Series-BE
INFO:root:Create record 782 :Symbol-INDBANK, Date-2020-10-20, Series-EQ
INFO:root:Create record 783 :Symbol-INDHOTEL, Date-2020-10-20, Series-EQ
INFO:root:Create record 784 :Symbol-INDIACEM, Date-2020-10-20, Series-EQ
INFO:root:Create record 785 :Symbol-INDIAGLYCO, Date-2020-10-20, Series-EQ
INFO:root:Create record 786 :Symbol-INDIAMART, Date-2020-10-20, Series-EQ
INFO:root:Create record 787 :Symbol-INDIANB, Date-2020-10-20, Series-EQ
INFO:root:Create record 788 :Symbol-INDIANCARD, Date-2020-10-20, Series-EQ
INFO:root:Create record 789 :Symbol-INDIANHUME, Date-2020-10-20, Series-EQ
INFO:root:Create record 790 :Symbol-INDIGO, Date-2020-10-20, Series-EQ
INFO:root:Create record 791 :Symbol-INDIGRID, Date-2020-10-20, Series-IV
INFO:root:Create record 792 :Symbol-INDLMETER, Date-2020-10-20, Series-EQ
INFO:root:Create record 793 :Symbol-INDNIPPON, Date-2020-10-20, Series-EQ
INFO:root:Create record 794 :Symbol-INDOCO, Date-2020-10-20, Series-EQ
INFO:root:Create record 795 :Symbol-INDORAMA, Date-2020-10-20, Series-EQ
INFO:root:Create record 796 :Symbol-INDOSOLAR, Date-2020-10-20, Series-BZ
INFO:root:Create record 797 :Symbol-INDOSTAR, Date-2020-10-20, Series-EQ
INFO:root:Create record 798 :Symbol-INDOTECH, Date-2020-10-20, Series-EQ
INFO:root:Create record 799 :Symbol-INDOTHAI, Date-2020-10-20, Series-EQ
INFO:root:Create record 800 :Symbol-INDOWIND, Date-2020-10-20, Series-EQ
INFO:root:Create record 801 :Symbol-INDRAMEDCO, Date-2020-10-20, Series-EQ
INFO:root:Create record 802 :Symbol-INDSWFTLAB, Date-2020-10-20, Series-EQ
INFO:root:Create record 803 :Symbol-INDTERRAIN, Date-2020-10-20, Series-EQ
INFO:root:Create record 804 :Symbol-INDUSINDBK, Date-2020-10-20, Series-EQ
INFO:root:Create record 805 :Symbol-INEOSSTYRO, Date-2020-10-20, Series-EQ
INFO:root:Create record 806 :Symbol-INFIBEAM, Date-2020-10-20, Series-EQ
INFO:root:Create record 807 :Symbol-INFOBEAN, Date-2020-10-20, Series-EQ
INFO:root:Create record 808 :Symbol-INFOMEDIA, Date-2020-10-20, Series-EQ
INFO:root:Create record 809 :Symbol-INFRABEES, Date-2020-10-20, Series-EQ
INFO:root:Create record 810 :Symbol-INFRATEL, Date-2020-10-20, Series-EQ
INFO:root:Create record 811 :Symbol-INFY, Date-2020-10-20, Series-EQ
INFO:root:Create record 812 :Symbol-INGERRAND, Date-2020-10-20, Series-EQ
INFO:root:Create record 813 :Symbol-INOXLEISUR, Date-2020-10-20, Series-EQ
INFO:root:Create record 814 :Symbol-INOXWIND, Date-2020-10-20, Series-EQ
INFO:root:Create record 815 :Symbol-INSECTICID, Date-2020-10-20, Series-EQ
INFO:root:Create record 816 :Symbol-INSPIRISYS, Date-2020-10-20, Series-EQ
INFO:root:Create record 817 :Symbol-INTEGRA, Date-2020-10-20, Series-BE
INFO:root:Create record 818 :Symbol-INTELLECT, Date-2020-10-20, Series-EQ
INFO:root:Create record 819 :Symbol-INTENTECH, Date-2020-10-20, Series-EQ
INFO:root:Create record 820 :Symbol-INVENTURE, Date-2020-10-20, Series-EQ
INFO:root:Create record 821 :Symbol-IOB, Date-2020-10-20, Series-EQ
INFO:root:Create record 822 :Symbol-IOC, Date-2020-10-20, Series-EQ
INFO:root:Create record 823 :Symbol-IOLCP, Date-2020-10-20, Series-EQ
INFO:root:Create record 824 :Symbol-IPCALAB, Date-2020-10-20, Series-EQ
INFO:root:Create record 825 :Symbol-IRB, Date-2020-10-20, Series-EQ
INFO:root:Create record 826 :Symbol-IRBINVIT, Date-2020-10-20, Series-IV
INFO:root:Create record 827 :Symbol-IRCON, Date-2020-10-20, Series-EQ
INFO:root:Create record 828 :Symbol-IRCTC, Date-2020-10-20, Series-EQ
INFO:root:Create record 829 :Symbol-IREDA, Date-2020-10-20, Series-N5
INFO:root:Create record 830 :Symbol-IREDA, Date-2020-10-20, Series-N6
INFO:root:Create record 831 :Symbol-IREDA, Date-2020-10-20, Series-N7
INFO:root:Create record 832 :Symbol-IRFC, Date-2020-10-20, Series-N1
INFO:root:Create record 833 :Symbol-IRFC, Date-2020-10-20, Series-N2
INFO:root:Create record 834 :Symbol-IRFC, Date-2020-10-20, Series-N7
INFO:root:Create record 835 :Symbol-IRFC, Date-2020-10-20, Series-N9
INFO:root:Create record 836 :Symbol-IRFC, Date-2020-10-20, Series-NA
INFO:root:Create record 837 :Symbol-IRFC, Date-2020-10-20, Series-NE
INFO:root:Create record 838 :Symbol-IRFC, Date-2020-10-20, Series-NI
INFO:root:Create record 839 :Symbol-IRFC, Date-2020-10-20, Series-NJ
INFO:root:Create record 840 :Symbol-IRFC, Date-2020-10-20, Series-NK
INFO:root:Create record 841 :Symbol-IRFC, Date-2020-10-20, Series-NO
INFO:root:Create record 842 :Symbol-ISEC, Date-2020-10-20, Series-EQ
INFO:root:Create record 843 :Symbol-ISFT, Date-2020-10-20, Series-EQ
INFO:root:Create record 844 :Symbol-ISMTLTD, Date-2020-10-20, Series-BE
INFO:root:Create record 845 :Symbol-ITC, Date-2020-10-20, Series-EQ
INFO:root:Create record 846 :Symbol-ITDC, Date-2020-10-20, Series-EQ
INFO:root:Create record 847 :Symbol-ITDCEM, Date-2020-10-20, Series-EQ
INFO:root:Create record 848 :Symbol-ITI, Date-2020-10-20, Series-EQ
INFO:root:Create record 849 :Symbol-IVC, Date-2020-10-20, Series-BE
INFO:root:Create record 850 :Symbol-IVP, Date-2020-10-20, Series-EQ
INFO:root:Create record 851 :Symbol-IVZINGOLD, Date-2020-10-20, Series-EQ
INFO:root:Create record 852 :Symbol-IVZINNIFTY, Date-2020-10-20, Series-EQ
INFO:root:Create record 853 :Symbol-IZMO, Date-2020-10-20, Series-EQ
INFO:root:Create record 854 :Symbol-J&KBANK, Date-2020-10-20, Series-EQ
INFO:root:Create record 855 :Symbol-JAGRAN, Date-2020-10-20, Series-EQ
INFO:root:Create record 856 :Symbol-JAGSNPHARM, Date-2020-10-20, Series-EQ
INFO:root:Create record 857 :Symbol-JAIBALAJI, Date-2020-10-20, Series-EQ
INFO:root:Create record 858 :Symbol-JAICORPLTD, Date-2020-10-20, Series-EQ
INFO:root:Create record 859 :Symbol-JAIHINDPRO, Date-2020-10-20, Series-BZ
INFO:root:Create record 860 :Symbol-JAINSTUDIO, Date-2020-10-20, Series-BZ
INFO:root:Create record 861 :Symbol-JAMNAAUTO, Date-2020-10-20, Series-EQ
INFO:root:Create record 862 :Symbol-JASH, Date-2020-10-20, Series-EQ
INFO:root:Create record 863 :Symbol-JAYAGROGN, Date-2020-10-20, Series-EQ
INFO:root:Create record 864 :Symbol-JAYBARMARU, Date-2020-10-20, Series-EQ
INFO:root:Create record 865 :Symbol-JAYNECOIND, Date-2020-10-20, Series-BE
INFO:root:Create record 866 :Symbol-JAYSREETEA, Date-2020-10-20, Series-EQ
INFO:root:Create record 867 :Symbol-JBCHEPHARM, Date-2020-10-20, Series-EQ
INFO:root:Create record 868 :Symbol-JBFIND, Date-2020-10-20, Series-EQ
INFO:root:Create record 869 :Symbol-JBMA, Date-2020-10-20, Series-EQ
INFO:root:Create record 870 :Symbol-JCHAC, Date-2020-10-20, Series-EQ
INFO:root:Create record 871 :Symbol-JETAIRWAYS, Date-2020-10-20, Series-BZ
INFO:root:Create record 872 :Symbol-JHS, Date-2020-10-20, Series-BE
INFO:root:Create record 873 :Symbol-JINDALPHOT, Date-2020-10-20, Series-EQ
INFO:root:Create record 874 :Symbol-JINDALPOLY, Date-2020-10-20, Series-EQ
INFO:root:Create record 875 :Symbol-JINDALSAW, Date-2020-10-20, Series-EQ
INFO:root:Create record 876 :Symbol-JINDALSTEL, Date-2020-10-20, Series-EQ
INFO:root:Create record 877 :Symbol-JINDRILL, Date-2020-10-20, Series-EQ
INFO:root:Create record 878 :Symbol-JINDWORLD, Date-2020-10-20, Series-EQ
INFO:root:Create record 879 :Symbol-JISLDVREQS, Date-2020-10-20, Series-EQ
INFO:root:Create record 880 :Symbol-JISLJALEQS, Date-2020-10-20, Series-EQ
INFO:root:Create record 881 :Symbol-JITFINFRA, Date-2020-10-20, Series-BE
INFO:root:Create record 882 :Symbol-JIYAECO, Date-2020-10-20, Series-EQ
INFO:root:Create record 883 :Symbol-JKCEMENT, Date-2020-10-20, Series-EQ
INFO:root:Create record 884 :Symbol-JKIL, Date-2020-10-20, Series-EQ
INFO:root:Create record 885 :Symbol-JKLAKSHMI, Date-2020-10-20, Series-EQ
INFO:root:Create record 886 :Symbol-JKPAPER, Date-2020-10-20, Series-EQ
INFO:root:Create record 887 :Symbol-JKTYRE, Date-2020-10-20, Series-EQ
INFO:root:Create record 888 :Symbol-JMA, Date-2020-10-20, Series-EQ
INFO:root:Create record 889 :Symbol-JMCPROJECT, Date-2020-10-20, Series-EQ
INFO:root:Create record 890 :Symbol-JMFINANCIL, Date-2020-10-20, Series-EQ
INFO:root:Create record 891 :Symbol-JMTAUTOLTD, Date-2020-10-20, Series-EQ
INFO:root:Create record 892 :Symbol-JOCIL, Date-2020-10-20, Series-EQ
INFO:root:Create record 893 :Symbol-JPASSOCIAT, Date-2020-10-20, Series-EQ
INFO:root:Create record 894 :Symbol-JPINFRATEC, Date-2020-10-20, Series-EQ
INFO:root:Create record 895 :Symbol-JPOLYINVST, Date-2020-10-20, Series-EQ
INFO:root:Create record 896 :Symbol-JPPOWER, Date-2020-10-20, Series-EQ
INFO:root:Create record 897 :Symbol-JSL, Date-2020-10-20, Series-EQ
INFO:root:Create record 898 :Symbol-JSLHISAR, Date-2020-10-20, Series-EQ
INFO:root:Create record 899 :Symbol-JSWENERGY, Date-2020-10-20, Series-EQ
INFO:root:Create record 900 :Symbol-JSWHL, Date-2020-10-20, Series-EQ
INFO:root:Create record 901 :Symbol-JSWISPL, Date-2020-10-20, Series-EQ
INFO:root:Create record 902 :Symbol-JSWSTEEL, Date-2020-10-20, Series-EQ
INFO:root:Create record 903 :Symbol-JTEKTINDIA, Date-2020-10-20, Series-EQ
INFO:root:Create record 904 :Symbol-JUBILANT, Date-2020-10-20, Series-EQ
INFO:root:Create record 905 :Symbol-JUBLFOOD, Date-2020-10-20, Series-EQ
INFO:root:Create record 906 :Symbol-JUBLINDS, Date-2020-10-20, Series-EQ
INFO:root:Create record 907 :Symbol-JUMPNET, Date-2020-10-20, Series-EQ
INFO:root:Create record 908 :Symbol-JUNIORBEES, Date-2020-10-20, Series-EQ
INFO:root:Create record 909 :Symbol-JUSTDIAL, Date-2020-10-20, Series-EQ
INFO:root:Create record 910 :Symbol-JYOTHYLAB, Date-2020-10-20, Series-EQ
INFO:root:Create record 911 :Symbol-JYOTISTRUC, Date-2020-10-20, Series-BZ
INFO:root:Create record 912 :Symbol-KABRAEXTRU, Date-2020-10-20, Series-EQ
INFO:root:Create record 913 :Symbol-KAJARIACER, Date-2020-10-20, Series-EQ
INFO:root:Create record 914 :Symbol-KAKATCEM, Date-2020-10-20, Series-EQ
INFO:root:Create record 915 :Symbol-KALPATPOWR, Date-2020-10-20, Series-EQ
INFO:root:Create record 916 :Symbol-KALYANIFRG, Date-2020-10-20, Series-BE
INFO:root:Create record 917 :Symbol-KAMATHOTEL, Date-2020-10-20, Series-EQ
INFO:root:Create record 918 :Symbol-KAMDHENU, Date-2020-10-20, Series-EQ
INFO:root:Create record 919 :Symbol-KANANIIND, Date-2020-10-20, Series-EQ
INFO:root:Create record 920 :Symbol-KANORICHEM, Date-2020-10-20, Series-EQ
INFO:root:Create record 921 :Symbol-KANSAINER, Date-2020-10-20, Series-EQ
INFO:root:Create record 922 :Symbol-KAPSTON, Date-2020-10-20, Series-EQ
INFO:root:Create record 923 :Symbol-KARDA, Date-2020-10-20, Series-BE
INFO:root:Create record 924 :Symbol-KARMAENG, Date-2020-10-20, Series-EQ
INFO:root:Create record 925 :Symbol-KARURVYSYA, Date-2020-10-20, Series-EQ
INFO:root:Create record 926 :Symbol-KAUSHALYA, Date-2020-10-20, Series-BE
INFO:root:Create record 927 :Symbol-KAYA, Date-2020-10-20, Series-EQ
INFO:root:Create record 928 :Symbol-KCP, Date-2020-10-20, Series-EQ
INFO:root:Create record 929 :Symbol-KCPSUGIND, Date-2020-10-20, Series-EQ
INFO:root:Create record 930 :Symbol-KDDL, Date-2020-10-20, Series-EQ
INFO:root:Create record 931 :Symbol-KEC, Date-2020-10-20, Series-EQ
INFO:root:Create record 932 :Symbol-KECL, Date-2020-10-20, Series-EQ
INFO:root:Create record 933 :Symbol-KEI, Date-2020-10-20, Series-EQ
INFO:root:Create record 934 :Symbol-KELLTONTEC, Date-2020-10-20, Series-EQ
INFO:root:Create record 935 :Symbol-KENNAMET, Date-2020-10-20, Series-EQ
INFO:root:Create record 936 :Symbol-KERNEX, Date-2020-10-20, Series-BE
INFO:root:Create record 937 :Symbol-KESORAMIND, Date-2020-10-20, Series-EQ
INFO:root:Create record 938 :Symbol-KEYFINSERV, Date-2020-10-20, Series-EQ
INFO:root:Create record 939 :Symbol-KGL, Date-2020-10-20, Series-BZ
INFO:root:Create record 940 :Symbol-KHADIM, Date-2020-10-20, Series-EQ
INFO:root:Create record 941 :Symbol-KHANDSE, Date-2020-10-20, Series-EQ
INFO:root:Create record 942 :Symbol-KHFM, Date-2020-10-20, Series-SM
INFO:root:Create record 943 :Symbol-KICL, Date-2020-10-20, Series-EQ
INFO:root:Create record 944 :Symbol-KILITCH, Date-2020-10-20, Series-EQ
INFO:root:Create record 945 :Symbol-KINGFA, Date-2020-10-20, Series-EQ
INFO:root:Create record 946 :Symbol-KIOCL, Date-2020-10-20, Series-EQ
INFO:root:Create record 947 :Symbol-KIRIINDUS, Date-2020-10-20, Series-EQ
INFO:root:Create record 948 :Symbol-KIRLFER, Date-2020-10-20, Series-EQ
INFO:root:Create record 949 :Symbol-KIRLOSBROS, Date-2020-10-20, Series-EQ
INFO:root:Create record 950 :Symbol-KIRLOSENG, Date-2020-10-20, Series-EQ
INFO:root:Create record 951 :Symbol-KIRLOSIND, Date-2020-10-20, Series-EQ
INFO:root:Create record 952 :Symbol-KITEX, Date-2020-10-20, Series-EQ
INFO:root:Create record 953 :Symbol-KKCL, Date-2020-10-20, Series-EQ
INFO:root:Create record 954 :Symbol-KMSUGAR, Date-2020-10-20, Series-EQ
INFO:root:Create record 955 :Symbol-KNRCON, Date-2020-10-20, Series-EQ
INFO:root:Create record 956 :Symbol-KOHINOOR, Date-2020-10-20, Series-BZ
INFO:root:Create record 957 :Symbol-KOKUYOCMLN, Date-2020-10-20, Series-EQ
INFO:root:Create record 958 :Symbol-KOLTEPATIL, Date-2020-10-20, Series-EQ
INFO:root:Create record 959 :Symbol-KOPRAN, Date-2020-10-20, Series-EQ
INFO:root:Create record 960 :Symbol-KOTAKBANK, Date-2020-10-20, Series-EQ
INFO:root:Create record 961 :Symbol-KOTAKBKETF, Date-2020-10-20, Series-EQ
INFO:root:Create record 962 :Symbol-KOTAKGOLD, Date-2020-10-20, Series-EQ
INFO:root:Create record 963 :Symbol-KOTAKNIFTY, Date-2020-10-20, Series-EQ
INFO:root:Create record 964 :Symbol-KOTAKNV20, Date-2020-10-20, Series-EQ
INFO:root:Create record 965 :Symbol-KOTAKPSUBK, Date-2020-10-20, Series-EQ
INFO:root:Create record 966 :Symbol-KOTARISUG, Date-2020-10-20, Series-EQ
INFO:root:Create record 967 :Symbol-KOTHARIPET, Date-2020-10-20, Series-EQ
INFO:root:Create record 968 :Symbol-KOTHARIPRO, Date-2020-10-20, Series-EQ
INFO:root:Create record 969 :Symbol-KPITTECH, Date-2020-10-20, Series-EQ
INFO:root:Create record 970 :Symbol-KPRMILL, Date-2020-10-20, Series-EQ
INFO:root:Create record 971 :Symbol-KRBL, Date-2020-10-20, Series-EQ
INFO:root:Create record 972 :Symbol-KREBSBIO, Date-2020-10-20, Series-EQ
INFO:root:Create record 973 :Symbol-KRIDHANINF, Date-2020-10-20, Series-EQ
INFO:root:Create record 974 :Symbol-KRISHANA, Date-2020-10-20, Series-BE
INFO:root:Create record 975 :Symbol-KSB, Date-2020-10-20, Series-EQ
INFO:root:Create record 976 :Symbol-KSCL, Date-2020-10-20, Series-EQ
INFO:root:Create record 977 :Symbol-KSERASERA, Date-2020-10-20, Series-BZ
INFO:root:Create record 978 :Symbol-KSHITIJPOL, Date-2020-10-20, Series-SM
INFO:root:Create record 979 :Symbol-KSK, Date-2020-10-20, Series-EQ
INFO:root:Create record 980 :Symbol-KSL, Date-2020-10-20, Series-EQ
INFO:root:Create record 981 :Symbol-KTKBANK, Date-2020-10-20, Series-EQ
INFO:root:Create record 982 :Symbol-KUANTUM, Date-2020-10-20, Series-EQ
INFO:root:Create record 983 :Symbol-KWALITY, Date-2020-10-20, Series-EQ
INFO:root:Create record 984 :Symbol-L&TFH, Date-2020-10-20, Series-EQ
INFO:root:Create record 985 :Symbol-L&TFINANCE, Date-2020-10-20, Series-NC
INFO:root:Create record 986 :Symbol-L&TFINANCE, Date-2020-10-20, Series-NK
INFO:root:Create record 987 :Symbol-L&TFINANCE, Date-2020-10-20, Series-NQ
INFO:root:Create record 988 :Symbol-L&TFINANCE, Date-2020-10-20, Series-NU
INFO:root:Create record 989 :Symbol-L&TFINANCE, Date-2020-10-20, Series-NW
INFO:root:Create record 990 :Symbol-L&TFINANCE, Date-2020-10-20, Series-NY
INFO:root:Create record 991 :Symbol-L&TFINANCE, Date-2020-10-20, Series-Y1
INFO:root:Create record 992 :Symbol-L&TFINANCE, Date-2020-10-20, Series-Y3
INFO:root:Create record 993 :Symbol-L&TFINANCE, Date-2020-10-20, Series-Y5
INFO:root:Create record 994 :Symbol-L&TFINANCE, Date-2020-10-20, Series-Y7
INFO:root:Create record 995 :Symbol-L&TFINANCE, Date-2020-10-20, Series-Y9
INFO:root:Create record 996 :Symbol-L&TINFRA, Date-2020-10-20, Series-N1
INFO:root:Create record 997 :Symbol-L&TINFRA, Date-2020-10-20, Series-N2
INFO:root:Create record 998 :Symbol-L&TINFRA, Date-2020-10-20, Series-N3
INFO:root:Create record 999 :Symbol-L&TINFRA, Date-2020-10-20, Series-N4
INFO:root:Create record 1000 :Symbol-L&TINFRA, Date-2020-10-20, Series-N6
INFO:root:Create record 1001 :Symbol-LAKPRE, Date-2020-10-20, Series-BZ
INFO:root:Create record 1002 :Symbol-LAKSHVILAS, Date-2020-10-20, Series-EQ
INFO:root:Create record 1003 :Symbol-LALPATHLAB, Date-2020-10-20, Series-EQ
INFO:root:Create record 1004 :Symbol-LAMBODHARA, Date-2020-10-20, Series-EQ
INFO:root:Create record 1005 :Symbol-LAOPALA, Date-2020-10-20, Series-EQ
INFO:root:Create record 1006 :Symbol-LASA, Date-2020-10-20, Series-EQ
INFO:root:Create record 1007 :Symbol-LAURUSLABS, Date-2020-10-20, Series-EQ
INFO:root:Create record 1008 :Symbol-LAXMIMACH, Date-2020-10-20, Series-EQ
INFO:root:Create record 1009 :Symbol-LEMONTREE, Date-2020-10-20, Series-EQ
INFO:root:Create record 1010 :Symbol-LEXUS, Date-2020-10-20, Series-SM
INFO:root:Create record 1011 :Symbol-LFIC, Date-2020-10-20, Series-EQ
INFO:root:Create record 1012 :Symbol-LGBBROSLTD, Date-2020-10-20, Series-EQ
INFO:root:Create record 1013 :Symbol-LGBFORGE, Date-2020-10-20, Series-EQ
INFO:root:Create record 1014 :Symbol-LIBAS, Date-2020-10-20, Series-EQ
INFO:root:Create record 1015 :Symbol-LIBERTSHOE, Date-2020-10-20, Series-EQ
INFO:root:Create record 1016 :Symbol-LICHSGFIN, Date-2020-10-20, Series-EQ
INFO:root:Create record 1017 :Symbol-LICNETFGSC, Date-2020-10-20, Series-EQ
INFO:root:Create record 1018 :Symbol-LICNETFN50, Date-2020-10-20, Series-EQ
INFO:root:Create record 1019 :Symbol-LICNETFSEN, Date-2020-10-20, Series-EQ
INFO:root:Create record 1020 :Symbol-LICNFNHGP, Date-2020-10-20, Series-EQ
INFO:root:Create record 1021 :Symbol-LIKHITHA, Date-2020-10-20, Series-BE
INFO:root:Create record 1022 :Symbol-LINCOLN, Date-2020-10-20, Series-EQ
INFO:root:Create record 1023 :Symbol-LINCPEN, Date-2020-10-20, Series-EQ
INFO:root:Create record 1024 :Symbol-LINDEINDIA, Date-2020-10-20, Series-EQ
INFO:root:Create record 1025 :Symbol-LIQUIDBEES, Date-2020-10-20, Series-EQ
INFO:root:Create record 1026 :Symbol-LIQUIDETF, Date-2020-10-20, Series-EQ
INFO:root:Create record 1027 :Symbol-LOKESHMACH, Date-2020-10-20, Series-EQ
INFO:root:Create record 1028 :Symbol-LOTUSEYE, Date-2020-10-20, Series-EQ
INFO:root:Create record 1029 :Symbol-LOVABLE, Date-2020-10-20, Series-EQ
INFO:root:Create record 1030 :Symbol-LPDC, Date-2020-10-20, Series-BE
INFO:root:Create record 1031 :Symbol-LSIL, Date-2020-10-20, Series-EQ
INFO:root:Create record 1032 :Symbol-LT, Date-2020-10-20, Series-EQ
INFO:root:Create record 1033 :Symbol-LTI, Date-2020-10-20, Series-EQ
INFO:root:Create record 1034 :Symbol-LTMFEOFR, Date-2020-10-20, Series-MF
INFO:root:Create record 1035 :Symbol-LTTS, Date-2020-10-20, Series-EQ
INFO:root:Create record 1036 :Symbol-LUMAXIND, Date-2020-10-20, Series-EQ
INFO:root:Create record 1037 :Symbol-LUMAXTECH, Date-2020-10-20, Series-EQ
INFO:root:Create record 1038 :Symbol-LUPIN, Date-2020-10-20, Series-EQ
INFO:root:Create record 1039 :Symbol-LUXIND, Date-2020-10-20, Series-EQ
INFO:root:Create record 1040 :Symbol-LYKALABS, Date-2020-10-20, Series-EQ
INFO:root:Create record 1041 :Symbol-LYPSAGEMS, Date-2020-10-20, Series-EQ
INFO:root:Create record 1042 :Symbol-M&M, Date-2020-10-20, Series-EQ
INFO:root:Create record 1043 :Symbol-M&MFIN, Date-2020-10-20, Series-EQ
INFO:root:Create record 1044 :Symbol-M&MFIN, Date-2020-10-20, Series-N2
INFO:root:Create record 1045 :Symbol-M100, Date-2020-10-20, Series-EQ
INFO:root:Create record 1046 :Symbol-M50, Date-2020-10-20, Series-EQ
INFO:root:Create record 1047 :Symbol-MAANALU, Date-2020-10-20, Series-EQ
INFO:root:Create record 1048 :Symbol-MACPOWER, Date-2020-10-20, Series-EQ
INFO:root:Create record 1049 :Symbol-MADHAV, Date-2020-10-20, Series-EQ
INFO:root:Create record 1050 :Symbol-MADHUCON, Date-2020-10-20, Series-BE
INFO:root:Create record 1051 :Symbol-MADRASFERT, Date-2020-10-20, Series-EQ
INFO:root:Create record 1052 :Symbol-MAGADSUGAR, Date-2020-10-20, Series-EQ
INFO:root:Create record 1053 :Symbol-MAGMA, Date-2020-10-20, Series-EQ
INFO:root:Create record 1054 :Symbol-MAGNUM, Date-2020-10-20, Series-EQ
INFO:root:Create record 1055 :Symbol-MAHABANK, Date-2020-10-20, Series-EQ
INFO:root:Create record 1056 :Symbol-MAHAPEXLTD, Date-2020-10-20, Series-BE
INFO:root:Create record 1057 :Symbol-MAHASTEEL, Date-2020-10-20, Series-EQ
INFO:root:Create record 1058 :Symbol-MAHEPC, Date-2020-10-20, Series-EQ
INFO:root:Create record 1059 :Symbol-MAHESHWARI, Date-2020-10-20, Series-EQ
INFO:root:Create record 1060 :Symbol-MAHICKRA, Date-2020-10-20, Series-SM
INFO:root:Create record 1061 :Symbol-MAHINDCIE, Date-2020-10-20, Series-EQ
INFO:root:Create record 1062 :Symbol-MAHLIFE, Date-2020-10-20, Series-EQ
INFO:root:Create record 1063 :Symbol-MAHLOG, Date-2020-10-20, Series-EQ
INFO:root:Create record 1064 :Symbol-MAHSCOOTER, Date-2020-10-20, Series-EQ
INFO:root:Create record 1065 :Symbol-MAHSEAMLES, Date-2020-10-20, Series-EQ
INFO:root:Create record 1066 :Symbol-MAITHANALL, Date-2020-10-20, Series-EQ
INFO:root:Create record 1067 :Symbol-MAJESCO, Date-2020-10-20, Series-EQ
INFO:root:Create record 1068 :Symbol-MALUPAPER, Date-2020-10-20, Series-EQ
INFO:root:Create record 1069 :Symbol-MAN50ETF, Date-2020-10-20, Series-EQ
INFO:root:Create record 1070 :Symbol-MANAKALUCO, Date-2020-10-20, Series-EQ
INFO:root:Create record 1071 :Symbol-MANAKCOAT, Date-2020-10-20, Series-EQ
INFO:root:Create record 1072 :Symbol-MANAKSIA, Date-2020-10-20, Series-EQ
INFO:root:Create record 1073 :Symbol-MANAKSTEEL, Date-2020-10-20, Series-EQ
INFO:root:Create record 1074 :Symbol-MANALIPETC, Date-2020-10-20, Series-EQ
INFO:root:Create record 1075 :Symbol-MANAPPURAM, Date-2020-10-20, Series-EQ
INFO:root:Create record 1076 :Symbol-MANGALAM, Date-2020-10-20, Series-EQ
INFO:root:Create record 1077 :Symbol-MANGCHEFER, Date-2020-10-20, Series-EQ
INFO:root:Create record 1078 :Symbol-MANGLMCEM, Date-2020-10-20, Series-EQ
INFO:root:Create record 1079 :Symbol-MANGTIMBER, Date-2020-10-20, Series-EQ
INFO:root:Create record 1080 :Symbol-MANINDS, Date-2020-10-20, Series-EQ
INFO:root:Create record 1081 :Symbol-MANINFRA, Date-2020-10-20, Series-EQ
INFO:root:Create record 1082 :Symbol-MANUGRAPH, Date-2020-10-20, Series-EQ
INFO:root:Create record 1083 :Symbol-MANXT50, Date-2020-10-20, Series-EQ
INFO:root:Create record 1084 :Symbol-MARALOVER, Date-2020-10-20, Series-EQ
INFO:root:Create record 1085 :Symbol-MARATHON, Date-2020-10-20, Series-EQ
INFO:root:Create record 1086 :Symbol-MARICO, Date-2020-10-20, Series-EQ
INFO:root:Create record 1087 :Symbol-MARINE, Date-2020-10-20, Series-SM
INFO:root:Create record 1088 :Symbol-MARKSANS, Date-2020-10-20, Series-EQ
INFO:root:Create record 1089 :Symbol-MARUTI, Date-2020-10-20, Series-EQ
INFO:root:Create record 1090 :Symbol-MASFIN, Date-2020-10-20, Series-EQ
INFO:root:Create record 1091 :Symbol-MASKINVEST, Date-2020-10-20, Series-BE
INFO:root:Create record 1092 :Symbol-MASTEK, Date-2020-10-20, Series-EQ
INFO:root:Create record 1093 :Symbol-MATRIMONY, Date-2020-10-20, Series-EQ
INFO:root:Create record 1094 :Symbol-MAWANASUG, Date-2020-10-20, Series-EQ
INFO:root:Create record 1095 :Symbol-MAXHEALTH, Date-2020-10-20, Series-EQ
INFO:root:Create record 1096 :Symbol-MAXIND, Date-2020-10-20, Series-EQ
INFO:root:Create record 1097 :Symbol-MAXVIL, Date-2020-10-20, Series-EQ
INFO:root:Create record 1098 :Symbol-MAYURUNIQ, Date-2020-10-20, Series-EQ
INFO:root:Create record 1099 :Symbol-MAZDA, Date-2020-10-20, Series-EQ
INFO:root:Create record 1100 :Symbol-MAZDOCK, Date-2020-10-20, Series-EQ
INFO:root:Create record 1101 :Symbol-MBAPL, Date-2020-10-20, Series-BE
INFO:root:Create record 1102 :Symbol-MBECL, Date-2020-10-20, Series-BE
INFO:root:Create record 1103 :Symbol-MBLINFRA, Date-2020-10-20, Series-EQ
INFO:root:Create record 1104 :Symbol-MCDHOLDING, Date-2020-10-20, Series-EQ
INFO:root:Create record 1105 :Symbol-MCDOWELL-N, Date-2020-10-20, Series-EQ
INFO:root:Create record 1106 :Symbol-MCL, Date-2020-10-20, Series-EQ
INFO:root:Create record 1107 :Symbol-MCLEODRUSS, Date-2020-10-20, Series-BE
INFO:root:Create record 1108 :Symbol-MCX, Date-2020-10-20, Series-EQ
INFO:root:Create record 1109 :Symbol-MDL, Date-2020-10-20, Series-SM
INFO:root:Create record 1110 :Symbol-MEGASOFT, Date-2020-10-20, Series-BE
INFO:root:Create record 1111 :Symbol-MEGH, Date-2020-10-20, Series-EQ
INFO:root:Create record 1112 :Symbol-MELSTAR, Date-2020-10-20, Series-BZ
INFO:root:Create record 1113 :Symbol-MENONBE, Date-2020-10-20, Series-EQ
INFO:root:Create record 1114 :Symbol-MEP, Date-2020-10-20, Series-EQ
INFO:root:Create record 1115 :Symbol-MERCATOR, Date-2020-10-20, Series-EQ
INFO:root:Create record 1116 :Symbol-METALFORGE, Date-2020-10-20, Series-BE
INFO:root:Create record 1117 :Symbol-METKORE, Date-2020-10-20, Series-BZ
INFO:root:Create record 1118 :Symbol-METROPOLIS, Date-2020-10-20, Series-EQ
INFO:root:Create record 1119 :Symbol-MFSL, Date-2020-10-20, Series-EQ
INFO:root:Create record 1120 :Symbol-MGL, Date-2020-10-20, Series-EQ
INFO:root:Create record 1121 :Symbol-MHRIL, Date-2020-10-20, Series-EQ
INFO:root:Create record 1122 :Symbol-MIC, Date-2020-10-20, Series-BE
INFO:root:Create record 1123 :Symbol-MIDHANI, Date-2020-10-20, Series-EQ
INFO:root:Create record 1124 :Symbol-MILTON, Date-2020-10-20, Series-SM
INFO:root:Create record 1125 :Symbol-MINDACORP, Date-2020-10-20, Series-EQ
INFO:root:Create record 1126 :Symbol-MINDAIND, Date-2020-10-20, Series-EQ
INFO:root:Create record 1127 :Symbol-MINDSPACE, Date-2020-10-20, Series-RR
INFO:root:Create record 1128 :Symbol-MINDTECK, Date-2020-10-20, Series-BE
INFO:root:Create record 1129 :Symbol-MINDTREE, Date-2020-10-20, Series-EQ
INFO:root:Create record 1130 :Symbol-MIRCELECTR, Date-2020-10-20, Series-EQ
INFO:root:Create record 1131 :Symbol-MIRZAINT, Date-2020-10-20, Series-EQ
INFO:root:Create record 1132 :Symbol-MITTAL, Date-2020-10-20, Series-EQ
INFO:root:Create record 1133 :Symbol-MMFL, Date-2020-10-20, Series-EQ
INFO:root:Create record 1134 :Symbol-MMP, Date-2020-10-20, Series-EQ
INFO:root:Create record 1135 :Symbol-MMTC, Date-2020-10-20, Series-EQ
INFO:root:Create record 1136 :Symbol-MODIRUBBER, Date-2020-10-20, Series-BE
INFO:root:Create record 1137 :Symbol-MOHOTAIND, Date-2020-10-20, Series-EQ
INFO:root:Create record 1138 :Symbol-MOIL, Date-2020-10-20, Series-EQ
INFO:root:Create record 1139 :Symbol-MOLDTECH, Date-2020-10-20, Series-EQ
INFO:root:Create record 1140 :Symbol-MOLDTKPAC, Date-2020-10-20, Series-EQ
INFO:root:Create record 1141 :Symbol-MONTECARLO, Date-2020-10-20, Series-EQ
INFO:root:Create record 1142 :Symbol-MORARJEE, Date-2020-10-20, Series-EQ
INFO:root:Create record 1143 :Symbol-MOREPENLAB, Date-2020-10-20, Series-EQ
INFO:root:Create record 1144 :Symbol-MOTHERSUMI, Date-2020-10-20, Series-EQ
INFO:root:Create record 1145 :Symbol-MOTILALOFS, Date-2020-10-20, Series-EQ
INFO:root:Create record 1146 :Symbol-MOTOGENFIN, Date-2020-10-20, Series-EQ
INFO:root:Create record 1147 :Symbol-MPHASIS, Date-2020-10-20, Series-EQ
INFO:root:Create record 1148 :Symbol-MPSLTD, Date-2020-10-20, Series-EQ
INFO:root:Create record 1149 :Symbol-MRF, Date-2020-10-20, Series-EQ
INFO:root:Create record 1150 :Symbol-MRO-TEK, Date-2020-10-20, Series-EQ
INFO:root:Create record 1151 :Symbol-MRPL, Date-2020-10-20, Series-EQ
INFO:root:Create record 1152 :Symbol-MSPL, Date-2020-10-20, Series-EQ
INFO:root:Create record 1153 :Symbol-MSTCLTD, Date-2020-10-20, Series-EQ
INFO:root:Create record 1154 :Symbol-MTEDUCARE, Date-2020-10-20, Series-EQ
INFO:root:Create record 1155 :Symbol-MTNL, Date-2020-10-20, Series-EQ
INFO:root:Create record 1156 :Symbol-MUKANDENGG, Date-2020-10-20, Series-EQ
INFO:root:Create record 1157 :Symbol-MUKANDLTD, Date-2020-10-20, Series-EQ
INFO:root:Create record 1158 :Symbol-MUKANDLTD, Date-2020-10-20, Series-P1
INFO:root:Create record 1159 :Symbol-MUKTAARTS, Date-2020-10-20, Series-EQ
INFO:root:Create record 1160 :Symbol-MUNJALAU, Date-2020-10-20, Series-EQ
INFO:root:Create record 1161 :Symbol-MUNJALSHOW, Date-2020-10-20, Series-EQ
INFO:root:Create record 1162 :Symbol-MURUDCERA, Date-2020-10-20, Series-EQ
INFO:root:Create record 1163 :Symbol-MUTHOOTCAP, Date-2020-10-20, Series-EQ
INFO:root:Create record 1164 :Symbol-MUTHOOTFIN, Date-2020-10-20, Series-EQ
INFO:root:Create record 1165 :Symbol-N100, Date-2020-10-20, Series-EQ
INFO:root:Create record 1166 :Symbol-NABARD, Date-2020-10-20, Series-N2
INFO:root:Create record 1167 :Symbol-NACLIND, Date-2020-10-20, Series-EQ
INFO:root:Create record 1168 :Symbol-NAGAFERT, Date-2020-10-20, Series-EQ
INFO:root:Create record 1169 :Symbol-NAGREEKEXP, Date-2020-10-20, Series-EQ
INFO:root:Create record 1170 :Symbol-NAHARCAP, Date-2020-10-20, Series-EQ
INFO:root:Create record 1171 :Symbol-NAHARINDUS, Date-2020-10-20, Series-EQ
INFO:root:Create record 1172 :Symbol-NAHARPOLY, Date-2020-10-20, Series-EQ
INFO:root:Create record 1173 :Symbol-NAHARSPING, Date-2020-10-20, Series-EQ
INFO:root:Create record 1174 :Symbol-NAM-INDIA, Date-2020-10-20, Series-EQ
INFO:root:Create record 1175 :Symbol-NATCOPHARM, Date-2020-10-20, Series-EQ
INFO:root:Create record 1176 :Symbol-NATHBIOGEN, Date-2020-10-20, Series-EQ
INFO:root:Create record 1177 :Symbol-NATIONALUM, Date-2020-10-20, Series-EQ
INFO:root:Create record 1178 :Symbol-NATNLSTEEL, Date-2020-10-20, Series-BE
INFO:root:Create record 1179 :Symbol-NAUKRI, Date-2020-10-20, Series-EQ
INFO:root:Create record 1180 :Symbol-NAVINFLUOR, Date-2020-10-20, Series-EQ
INFO:root:Create record 1181 :Symbol-NAVKARCORP, Date-2020-10-20, Series-EQ
INFO:root:Create record 1182 :Symbol-NAVNETEDUL, Date-2020-10-20, Series-EQ
INFO:root:Create record 1183 :Symbol-NBCC, Date-2020-10-20, Series-EQ
INFO:root:Create record 1184 :Symbol-NBIFIN, Date-2020-10-20, Series-EQ
INFO:root:Create record 1185 :Symbol-NBVENTURES, Date-2020-10-20, Series-EQ
INFO:root:Create record 1186 :Symbol-NCC, Date-2020-10-20, Series-EQ
INFO:root:Create record 1187 :Symbol-NCLIND, Date-2020-10-20, Series-EQ
INFO:root:Create record 1188 :Symbol-NDGL, Date-2020-10-20, Series-EQ
INFO:root:Create record 1189 :Symbol-NDL, Date-2020-10-20, Series-BE
INFO:root:Create record 1190 :Symbol-NDRAUTO, Date-2020-10-20, Series-EQ
INFO:root:Create record 1191 :Symbol-NDTV, Date-2020-10-20, Series-EQ
INFO:root:Create record 1192 :Symbol-NECCLTD, Date-2020-10-20, Series-EQ
INFO:root:Create record 1193 :Symbol-NECLIFE, Date-2020-10-20, Series-EQ
INFO:root:Create record 1194 :Symbol-NELCAST, Date-2020-10-20, Series-EQ
INFO:root:Create record 1195 :Symbol-NELCO, Date-2020-10-20, Series-EQ
INFO:root:Create record 1196 :Symbol-NEOGEN, Date-2020-10-20, Series-EQ
INFO:root:Create record 1197 :Symbol-NESCO, Date-2020-10-20, Series-EQ
INFO:root:Create record 1198 :Symbol-NESTLEIND, Date-2020-10-20, Series-EQ
INFO:root:Create record 1199 :Symbol-NETF, Date-2020-10-20, Series-EQ
INFO:root:Create record 1200 :Symbol-NETFCONSUM, Date-2020-10-20, Series-EQ
INFO:root:Create record 1201 :Symbol-NETFDIVOPP, Date-2020-10-20, Series-EQ
INFO:root:Create record 1202 :Symbol-NETFIT, Date-2020-10-20, Series-EQ
INFO:root:Create record 1203 :Symbol-NETFLTGILT, Date-2020-10-20, Series-EQ
INFO:root:Create record 1204 :Symbol-NETFMID150, Date-2020-10-20, Series-EQ
INFO:root:Create record 1205 :Symbol-NETFNIF100, Date-2020-10-20, Series-EQ
INFO:root:Create record 1206 :Symbol-NETFNV20, Date-2020-10-20, Series-EQ
INFO:root:Create record 1207 :Symbol-NETWORK18, Date-2020-10-20, Series-EQ
INFO:root:Create record 1208 :Symbol-NEULANDLAB, Date-2020-10-20, Series-EQ
INFO:root:Create record 1209 :Symbol-NEWGEN, Date-2020-10-20, Series-EQ
INFO:root:Create record 1210 :Symbol-NEXTMEDIA, Date-2020-10-20, Series-EQ
INFO:root:Create record 1211 :Symbol-NFL, Date-2020-10-20, Series-EQ
INFO:root:Create record 1212 :Symbol-NH, Date-2020-10-20, Series-EQ
INFO:root:Create record 1213 :Symbol-NHAI, Date-2020-10-20, Series-N1
INFO:root:Create record 1214 :Symbol-NHAI, Date-2020-10-20, Series-N2
INFO:root:Create record 1215 :Symbol-NHAI, Date-2020-10-20, Series-N3
INFO:root:Create record 1216 :Symbol-NHAI, Date-2020-10-20, Series-N6
INFO:root:Create record 1217 :Symbol-NHAI, Date-2020-10-20, Series-N9
INFO:root:Create record 1218 :Symbol-NHAI, Date-2020-10-20, Series-NA
INFO:root:Create record 1219 :Symbol-NHAI, Date-2020-10-20, Series-NE
INFO:root:Create record 1220 :Symbol-NHBTF2023, Date-2020-10-20, Series-N6
INFO:root:Create record 1221 :Symbol-NHPC, Date-2020-10-20, Series-EQ
INFO:root:Create record 1222 :Symbol-NHPC, Date-2020-10-20, Series-N6
INFO:root:Create record 1223 :Symbol-NIACL, Date-2020-10-20, Series-EQ
INFO:root:Create record 1224 :Symbol-NIBL, Date-2020-10-20, Series-EQ
INFO:root:Create record 1225 :Symbol-NIFTYBEES, Date-2020-10-20, Series-EQ
INFO:root:Create record 1226 :Symbol-NIFTYEES, Date-2020-10-20, Series-EQ
INFO:root:Create record 1227 :Symbol-NIITLTD, Date-2020-10-20, Series-EQ
INFO:root:Create record 1228 :Symbol-NILAINFRA, Date-2020-10-20, Series-EQ
INFO:root:Create record 1229 :Symbol-NILASPACES, Date-2020-10-20, Series-EQ
INFO:root:Create record 1230 :Symbol-NILKAMAL, Date-2020-10-20, Series-EQ
INFO:root:Create record 1231 :Symbol-NIPPOBATRY, Date-2020-10-20, Series-EQ
INFO:root:Create record 1232 :Symbol-NIRAJ, Date-2020-10-20, Series-EQ
INFO:root:Create record 1233 :Symbol-NITCO, Date-2020-10-20, Series-EQ
INFO:root:Create record 1234 :Symbol-NITINFIRE, Date-2020-10-20, Series-BZ
INFO:root:Create record 1235 :Symbol-NITINSPIN, Date-2020-10-20, Series-EQ
INFO:root:Create record 1236 :Symbol-NKIND, Date-2020-10-20, Series-EQ
INFO:root:Create record 1237 :Symbol-NLCINDIA, Date-2020-10-20, Series-EQ
INFO:root:Create record 1238 :Symbol-NMDC, Date-2020-10-20, Series-EQ
INFO:root:Create record 1239 :Symbol-NOCIL, Date-2020-10-20, Series-EQ
INFO:root:Create record 1240 :Symbol-NOIDATOLL, Date-2020-10-20, Series-EQ
INFO:root:Create record 1241 :Symbol-NORBTEAEXP, Date-2020-10-20, Series-BE
INFO:root:Create record 1242 :Symbol-NOVARTIND, Date-2020-10-20, Series-EQ
INFO:root:Create record 1243 :Symbol-NPBET, Date-2020-10-20, Series-EQ
INFO:root:Create record 1244 :Symbol-NRAIL, Date-2020-10-20, Series-EQ
INFO:root:Create record 1245 :Symbol-NRBBEARING, Date-2020-10-20, Series-EQ
INFO:root:Create record 1246 :Symbol-NSIL, Date-2020-10-20, Series-EQ
INFO:root:Create record 1247 :Symbol-NTL, Date-2020-10-20, Series-BE
INFO:root:Create record 1248 :Symbol-NTPC, Date-2020-10-20, Series-EQ
INFO:root:Create record 1249 :Symbol-NTPC, Date-2020-10-20, Series-N1
INFO:root:Create record 1250 :Symbol-NTPC, Date-2020-10-20, Series-N6
INFO:root:Create record 1251 :Symbol-NTPC, Date-2020-10-20, Series-N7
INFO:root:Create record 1252 :Symbol-NTPC, Date-2020-10-20, Series-NB
INFO:root:Create record 1253 :Symbol-NTPC, Date-2020-10-20, Series-NC
INFO:root:Create record 1254 :Symbol-NUCLEUS, Date-2020-10-20, Series-EQ
INFO:root:Create record 1255 :Symbol-NXTDIGITAL, Date-2020-10-20, Series-EQ
INFO:root:Create record 1256 :Symbol-OAL, Date-2020-10-20, Series-EQ
INFO:root:Create record 1257 :Symbol-OBEROIRLTY, Date-2020-10-20, Series-EQ
INFO:root:Create record 1258 :Symbol-OCCL, Date-2020-10-20, Series-EQ
INFO:root:Create record 1259 :Symbol-OFSS, Date-2020-10-20, Series-EQ
INFO:root:Create record 1260 :Symbol-OIL, Date-2020-10-20, Series-EQ
INFO:root:Create record 1261 :Symbol-OILCOUNTUB, Date-2020-10-20, Series-EQ
INFO:root:Create record 1262 :Symbol-OISL, Date-2020-10-20, Series-EQ
INFO:root:Create record 1263 :Symbol-OLECTRA, Date-2020-10-20, Series-EQ
INFO:root:Create record 1264 :Symbol-OMAXAUTO, Date-2020-10-20, Series-EQ
INFO:root:Create record 1265 :Symbol-OMAXE, Date-2020-10-20, Series-EQ
INFO:root:Create record 1266 :Symbol-OMKARCHEM, Date-2020-10-20, Series-EQ
INFO:root:Create record 1267 :Symbol-OMMETALS, Date-2020-10-20, Series-EQ
INFO:root:Create record 1268 :Symbol-ONELIFECAP, Date-2020-10-20, Series-EQ
INFO:root:Create record 1269 :Symbol-ONEPOINT, Date-2020-10-20, Series-EQ
INFO:root:Create record 1270 :Symbol-ONGC, Date-2020-10-20, Series-EQ
